,cosmodc2_hp,cosmodc2_id,dec,flux_g,flux_g_noMW,flux_i,flux_i_noMW,flux_r,flux_r_noMW,flux_u,flux_u_noMW,flux_y,flux_y_noMW,flux_z,flux_z_noMW,host_galaxy,id,id_truth_type,is_pointsource,is_variable,mag_r,ra_x,redshift,truth_type,HPX_2_17,ra_y,decl,diaObjectid,rPSFluxMax,diff_ra,diff_dec
0,-1,-1,-37.2113684,0.0,0.0,0.0,0.0,0.0,0.0,0.0,0.0,0.0,0.0,0.0,0.0,7875044638,MS_9813_94,MS_9813_94_3,1,1,,60.0619708,0.224278,3,144759658297,60.0618633,-37.2114454,1650797961849864657,-1538.7240149,0.3869999999949414,0.27720000001636436
1,-1,-1,-37.2113684,0.0,0.0,0.0,0.0,0.0,0.0,0.0,0.0,0.0,0.0,0.0,0.0,7875044638,MS_9813_94,MS_9813_94_3,1,1,,60.0619708,0.224278,3,144759658297,60.0619727,-37.2113817,1650797961849864486,14096.7222142,-0.006840000003194291,0.0478799999967805
2,-1,-1,-37.2113684,0.0,0.0,0.0,0.0,0.0,0.0,0.0,0.0,0.0,0.0,0.0,0.0,7875044638,MS_9813_94,MS_9813_94_3,1,1,,60.0619708,0.224278,3,144759658297,60.0619615,-37.2115718,1650797961849866705,-2062.8571248,0.033479999981977926,0.7322400000134621
3,-1,-1,-37.2113684,0.0,0.0,0.0,0.0,0.0,0.0,0.0,0.0,0.0,0.0,0.0,0.0,7875044638,MS_9813_94,MS_9813_94_3,1,1,,60.0619708,0.224278,3,144759658297,60.0618315,-37.2112021,1650797961849866556,19260.7178643,0.5014800000026298,-0.5986799999874393
4,-1,-1,-37.2113684,0.0,0.0,0.0,0.0,0.0,0.0,0.0,0.0,0.0,0.0,0.0,0.0,7875044638,MS_9813_94,MS_9813_94_3,1,1,,60.0619708,0.224278,3,144759658297,60.0618315,-37.2112021,1567534145301645213,19260.7178643,0.5014800000026298,-0.5986799999874393
5,-1,-1,-37.2113684,0.0,0.0,0.0,0.0,0.0,0.0,0.0,0.0,0.0,0.0,0.0,0.0,7875044638,MS_9813_94,MS_9813_94_3,1,1,,60.0619708,0.224278,3,144759658297,60.0619615,-37.2115718,1567534145301645298,-2062.8571248,0.033479999981977926,0.7322400000134621
6,-1,-1,-37.2113684,0.0,0.0,0.0,0.0,0.0,0.0,0.0,0.0,0.0,0.0,0.0,0.0,7875044638,MS_9813_94,MS_9813_94_3,1,1,,60.0619708,0.224278,3,144759658297,60.0619727,-37.2113817,1567534145301643512,14096.7222142,-0.006840000003194291,0.0478799999967805
7,-1,-1,-37.2113684,0.0,0.0,0.0,0.0,0.0,0.0,0.0,0.0,0.0,0.0,0.0,0.0,7875044638,MS_9813_94,MS_9813_94_3,1,1,,60.0619708,0.224278,3,144759658297,60.0618633,-37.2114454,1567534145301643686,-1538.7240149,0.3869999999949414,0.27720000001636436
8,-1,-1,-37.2353763,0.0,0.0,0.0,0.0,0.0,0.0,0.0,0.0,0.0,0.0,0.0,0.0,7876906512,MS_9813_3494,MS_9813_3494_3,1,1,,59.9730007,0.915007,3,144759618351,59.9730441,-37.2353928,1567534145301648787,615.4914227,-0.15624000000968863,0.05940000000350665
9,-1,-1,-37.2207681,0.0,0.0,0.0,0.0,0.0,0.0,0.0,0.0,0.0,0.0,0.0,0.0,7876328821,MS_9813_2641,MS_9813_2641_3,1,1,,60.0882101,0.810831,3,144759318622,60.0881424,-37.2207116,1650797961849872172,-2866.1634006,0.24371999998322735,-0.20339999999805514
10,-1,-1,-37.2207681,0.0,0.0,0.0,0.0,0.0,0.0,0.0,0.0,0.0,0.0,0.0,0.0,7876328821,MS_9813_2641,MS_9813_2641_3,1,1,,60.0882101,0.810831,3,144759318622,60.0877847,-37.2208559,1650797961849870924,,1.53143999999088,0.3160799999847086
11,-1,-1,-37.2207681,0.0,0.0,0.0,0.0,0.0,0.0,0.0,0.0,0.0,0.0,0.0,0.0,7876328821,MS_9813_2641,MS_9813_2641_3,1,1,,60.0882101,0.810831,3,144759318622,60.0881736,-37.2208478,1650797961849866812,-1193.877992,0.1314000000007809,0.28692000000205553
12,-1,-1,-37.2207681,0.0,0.0,0.0,0.0,0.0,0.0,0.0,0.0,0.0,0.0,0.0,0.0,7876328821,MS_9813_2641,MS_9813_2641_3,1,1,,60.0882101,0.810831,3,144759318622,60.0881424,-37.2207116,1567534145301649512,-2866.1634006,0.24371999998322735,-0.20339999999805514
13,-1,-1,-37.2207681,0.0,0.0,0.0,0.0,0.0,0.0,0.0,0.0,0.0,0.0,0.0,0.0,7876328821,MS_9813_2641,MS_9813_2641_3,1,1,,60.0882101,0.810831,3,144759318622,60.0877847,-37.2208559,1567534145301648522,,1.53143999999088,0.3160799999847086
14,-1,-1,-37.2207681,0.0,0.0,0.0,0.0,0.0,0.0,0.0,0.0,0.0,0.0,0.0,0.0,7876328821,MS_9813_2641,MS_9813_2641_3,1,1,,60.0882101,0.810831,3,144759318622,60.0881736,-37.2208478,1567534145301645405,-1193.877992,0.1314000000007809,0.28692000000205553
15,-1,-1,-37.2175976,0.0,0.0,0.0,0.0,0.0,0.0,0.0,0.0,0.0,0.0,0.0,0.0,7876321827,MS_9813_2625,MS_9813_2625_3,1,1,,60.1211618,0.805493,3,144759314991,60.1211246,-37.217621,1650797961849868869,,0.13392000000465032,0.08424000001241438
16,-1,-1,-37.2175976,0.0,0.0,0.0,0.0,0.0,0.0,0.0,0.0,0.0,0.0,0.0,0.0,7876321827,MS_9813_2625,MS_9813_2625_3,1,1,,60.1211618,0.805493,3,144759314991,60.1211246,-37.217621,1567525349208623561,,0.13392000000465032,0.08424000001241438
17,-1,-1,-37.2442029,0.0,0.0,0.0,0.0,0.0,0.0,0.0,0.0,0.0,0.0,0.0,0.0,7875188192,MS_9813_325,MS_9813_325_3,1,1,,59.6391151,0.367218,3,144760403458,59.6391235,-37.2442188,1567542941394665635,,-0.030239999995274047,0.057240000003844216
18,-1,-1,-37.1971109,0.0,0.0,0.0,0.0,0.0,0.0,0.0,0.0,0.0,0.0,0.0,0.0,7875624160,MS_9813_1225,MS_9813_1225_3,1,1,,60.1211098,0.585075,3,144759321439,60.1210781,-37.1971039,1650797961849867891,,0.11412000000348144,-0.025199999987535193
19,-1,-1,-37.1971109,0.0,0.0,0.0,0.0,0.0,0.0,0.0,0.0,0.0,0.0,0.0,0.0,7875624160,MS_9813_1225,MS_9813_1225_3,1,1,,60.1211098,0.585075,3,144759321439,60.1210781,-37.1971039,1567525349208623024,,0.11412000000348144,-0.025199999987535193
20,-1,-1,-37.2037536,0.0,0.0,0.0,0.0,0.0,0.0,0.0,0.0,0.0,0.0,0.0,0.0,7875247934,MS_9813_546,MS_9813_546_3,1,1,,59.9514298,0.424604,3,144759648598,59.9514296,-37.2037559,1650797961849873459,3218.5294411,0.0007200000084139901,0.008279999994442733
21,-1,-1,-37.2037536,0.0,0.0,0.0,0.0,0.0,0.0,0.0,0.0,0.0,0.0,0.0,0.0,7875247934,MS_9813_546,MS_9813_546_3,1,1,,59.9514298,0.424604,3,144759648598,59.9514296,-37.2037559,1567534145301650462,3218.5294411,0.0007200000084139901,0.008279999994442733
22,-1,-1,-37.0792875,0.0,0.0,0.0,0.0,0.0,0.0,0.0,0.0,0.0,0.0,0.0,0.0,7875117621,MS_9813_203,MS_9813_203_3,1,1,,59.7095607,0.313952,3,144761201888,59.7095797,-37.0792922,1650806757942890820,2454.6696072,-0.06840000000636337,0.01691999999309246
23,-1,-1,-37.0908649,0.0,0.0,0.0,0.0,0.0,0.0,0.0,0.0,0.0,0.0,0.0,0.0,7875118913,MS_9813_274,MS_9813_274_3,1,1,,59.6985206,0.326358,3,144761200865,59.6986521,-37.0904024,1650806757942888938,,-0.47339999998143867,-1.6649999999913234
24,-1,-1,-37.0908649,0.0,0.0,0.0,0.0,0.0,0.0,0.0,0.0,0.0,0.0,0.0,0.0,7875118913,MS_9813_274,MS_9813_274_3,1,1,,59.6985206,0.326358,3,144761200865,59.6985404,-37.0905368,1650806757942888990,,-0.07127999998886025,-1.1811599999902
25,-1,-1,-37.1448299,0.0,0.0,0.0,0.0,0.0,0.0,0.0,0.0,0.0,0.0,0.0,0.0,7875081435,MS_9813_186,MS_9813_186_3,1,1,,60.0972547,0.288482,3,144759851687,60.0972589,-37.1448283,1650797961849867037,6337.9758289,-0.015119999997637024,-0.005759999990573306
26,-1,-1,-37.1189849,0.0,0.0,0.0,0.0,0.0,0.0,0.0,0.0,0.0,0.0,0.0,0.0,7875194420,MS_9813_398,MS_9813_398_3,1,1,,59.8936555,0.385888,3,144759772630,59.8938408,-37.1191175,1650797961849868326,,-0.6670799999938026,0.4773600000021361
27,-1,-1,-37.1789971,0.0,0.0,0.0,0.0,0.0,0.0,0.0,0.0,0.0,0.0,0.0,0.0,7876490099,MS_9813_3139,MS_9813_3139_3,1,1,,59.9925879,0.861649,3,144759688570,59.9927676,-37.179095,1650797961849869283,412.5037698,-0.6469200000140063,0.3524400000003425
28,-1,-1,-37.1789971,0.0,0.0,0.0,0.0,0.0,0.0,0.0,0.0,0.0,0.0,0.0,0.0,7876490099,MS_9813_3139,MS_9813_3139_3,1,1,,59.9925879,0.861649,3,144759688570,59.9927676,-37.179095,1567534145301647309,412.5037698,-0.6469200000140063,0.3524400000003425
29,-1,-1,-37.0980364,0.0,0.0,0.0,0.0,0.0,0.0,0.0,0.0,0.0,0.0,0.0,0.0,7876511869,MS_9813_2834,MS_9813_2834_3,1,1,,59.6747281,0.834941,3,144760502642,59.674785,-37.0980583,1650806757942888028,,-0.20483999998930358,0.07884000000046854
30,-1,-1,-37.0732064,0.0,0.0,0.0,0.0,0.0,0.0,0.0,0.0,0.0,0.0,0.0,0.0,7876495542,MS_9813_2984,MS_9813_2984_3,1,1,,59.8694818,0.859996,3,144759826894,59.86953,-37.073196,1650806757942890926,904.145092,-0.17351999998140855,-0.037439999977095795
31,-1,-1,-37.1480396,0.0,0.0,0.0,0.0,0.0,0.0,0.0,0.0,0.0,0.0,0.0,0.0,7876518326,MS_9813_2997,MS_9813_2997_3,1,1,,59.8624675,0.859296,3,144759768299,59.8626179,-37.1481814,1650806757942893064,-1063.7548732,-0.541439999983595,0.5104800000054865
32,-1,-1,-37.1597885,0.0,0.0,0.0,0.0,0.0,0.0,0.0,0.0,0.0,0.0,0.0,0.0,7876005444,MS_9813_2013,MS_9813_2013_3,1,1,,59.7786614,0.73366,3,144759761879,59.7787255,-37.1597568,1650806757942891184,,-0.2307600000108323,-0.11412000000348144
33,-1,-1,-37.1597885,0.0,0.0,0.0,0.0,0.0,0.0,0.0,0.0,0.0,0.0,0.0,0.0,7876005444,MS_9813_2013,MS_9813_2013_3,1,1,,59.7786614,0.73366,3,144759761879,59.7787255,-37.1597568,1567542941394668476,,-0.2307600000108323,-0.11412000000348144
34,-1,-1,-37.1725783,0.0,0.0,0.0,0.0,0.0,0.0,0.0,0.0,0.0,0.0,0.0,0.0,7875987757,MS_9813_1854,MS_9813_1854_3,1,1,,59.8588164,0.70585,3,144759745038,59.8587952,-37.1725794,1650806757942888771,1424.9603153,0.07631999999659911,0.003959999995117869
35,-1,-1,-37.1725783,0.0,0.0,0.0,0.0,0.0,0.0,0.0,0.0,0.0,0.0,0.0,0.0,7875987757,MS_9813_1854,MS_9813_1854_3,1,1,,59.8588164,0.70585,3,144759745038,59.8587952,-37.1725794,1567534145301645692,1424.9603153,0.07631999999659911,0.003959999995117869
36,-1,-1,-37.1164001,0.0,0.0,0.0,0.0,0.0,0.0,0.0,0.0,0.0,0.0,0.0,0.0,7875042581,MS_9813_117,MS_9813_117_3,1,1,,59.6838174,0.240483,3,144760495016,59.6838019,-37.1163919,1650806757942890830,13530.1952123,0.055800000012595774,-0.029519999986860057
37,-1,-1,-37.1037323,0.0,0.0,0.0,0.0,0.0,0.0,0.0,0.0,0.0,0.0,0.0,0.0,7875043637,MS_9813_91,MS_9813_91_3,1,1,,60.0850238,0.223,3,144759882862,60.0853137,-37.1040562,1650797961849866002,9349.1103118,-1.0436399999946389,1.1660400000181426
38,-1,-1,-37.0711311,0.0,0.0,0.0,0.0,0.0,0.0,0.0,0.0,0.0,0.0,0.0,0.0,7876311151,MS_9813_2463,MS_9813_2463_3,1,1,,59.6748382,0.799023,3,144761290883,59.6748053,-37.0711725,1650806757942892364,759.6297864,0.1184400000028063,0.14904000000228734
39,-1,-1,-37.0711333,0.0,0.0,0.0,0.0,0.0,0.0,0.0,0.0,0.0,0.0,0.0,0.0,7876311148,MS_9813_2445,MS_9813_2445_3,1,1,,59.6739774,0.799023,3,144761290890,59.6739429,-37.0711416,1650806757942891545,,0.1241999999933796,0.029879999991067052
40,-1,-1,-37.0999139,0.0,0.0,0.0,0.0,0.0,0.0,0.0,0.0,0.0,0.0,0.0,0.0,7875441454,MS_9813_870,MS_9813_870_3,1,1,,59.631427,0.534684,3,144760588614,59.6316601,-37.100229,1650806757942891426,-371.8134652,-0.8391599999839627,1.1343600000060405
41,-1,-1,-37.0999139,0.0,0.0,0.0,0.0,0.0,0.0,0.0,0.0,0.0,0.0,0.0,0.0,7875441454,MS_9813_870,MS_9813_870_3,1,1,,59.631427,0.534684,3,144760588614,59.6314425,-37.1000687,1650806757942890436,,-0.055799999987016236,0.5572800000152256
42,-1,-1,-37.0999139,0.0,0.0,0.0,0.0,0.0,0.0,0.0,0.0,0.0,0.0,0.0,0.0,7875441454,MS_9813_870,MS_9813_870_3,1,1,,59.631427,0.534684,3,144760588614,59.6313641,-37.1003155,1650806757942888393,-2138.6033142,0.22644000001150744,1.4457600000127968
43,-1,-1,-37.1482187,0.0,0.0,0.0,0.0,0.0,0.0,0.0,0.0,0.0,0.0,0.0,0.0,7875870730,MS_9813_1619,MS_9813_1619_3,1,1,,59.6489999,0.660207,3,144760485164,59.6490171,-37.14821,1650806757942891884,897.8780214,-0.061920000007376075,-0.03132000000789503
44,-1,-1,-36.7084592,0.0,0.0,0.0,0.0,0.0,0.0,0.0,0.0,0.0,0.0,0.0,0.0,7876929830,MS_9813_3834,MS_9813_3834_3,1,1,,59.255002,0.941656,3,144766886655,59.2550104,-36.7084732,1650454914222001695,596.8438563,-0.030240000020853586,0.050400000000649925
45,-1,-1,-36.6676069,0.0,0.0,0.0,0.0,0.0,0.0,0.0,0.0,0.0,0.0,0.0,0.0,25230,hl_ms_25230,hl_ms_25230_3,1,1,,59.2050253,0.82324,3,144766909781,59.2047487,-36.6673607,1650454914222000570,,0.9957599999978584,-0.8863199999979088
46,-1,-1,-36.6676069,0.0,0.0,0.0,0.0,0.0,0.0,0.0,0.0,0.0,0.0,0.0,0.0,25230,hl_ms_25230,hl_ms_25230_3,1,1,,59.2050253,0.82324,3,144766909781,59.2050897,-36.6673066,1650454914222001996,,-0.23183999999787375,-1.0810799999973142
47,-1,-1,-36.8039576,0.0,0.0,0.0,0.0,0.0,0.0,0.0,0.0,0.0,0.0,0.0,0.0,7875996462,MS_9813_1924,MS_9813_1924_3,1,1,,59.2694357,0.719558,3,144766772265,59.269323,-36.8039369,1650393341570845099,,0.4057200000090688,-0.07452000000114367
48,-1,-1,-36.8039576,0.0,0.0,0.0,0.0,0.0,0.0,0.0,0.0,0.0,0.0,0.0,0.0,7875996462,MS_9813_1924,MS_9813_1924_3,1,1,,59.2694357,0.719558,3,144766772265,59.2694944,-36.8039786,1650393341570844160,1054.7657917,-0.21131999998829087,0.07560000001376466
49,-1,-1,-37.0090881,0.0,0.0,0.0,0.0,0.0,0.0,0.0,0.0,0.0,0.0,0.0,0.0,7875147709,MS_9813_235,MS_9813_235_3,1,1,,59.2136063,0.337597,3,144760893372,59.2135767,-37.009089,1650331768919691964,3579.2906027,0.1065600000174527,0.003240000012283417
50,-1,-1,-37.0142369,0.0,0.0,0.0,0.0,0.0,0.0,0.0,0.0,0.0,0.0,0.0,0.0,7875242912,MS_9813_498,MS_9813_498_3,1,1,,59.1706534,0.428118,3,144766476073,59.1704337,-37.0140497,1650340565012712941,-647.0925216,0.7909200000085548,-0.6739199999969969
51,-1,-1,-36.6383708,0.0,0.0,0.0,0.0,0.0,0.0,0.0,0.0,0.0,0.0,0.0,0.0,7875085050,MS_9813_145,MS_9813_145_3,1,1,,59.3858921,0.29852,3,144767599700,59.3860304,-36.6384729,1650454914221998987,,-0.49788000001171895,0.3675599999979795
52,-1,-1,-36.6383708,0.0,0.0,0.0,0.0,0.0,0.0,0.0,0.0,0.0,0.0,0.0,0.0,7875085050,MS_9813_145,MS_9813_145_3,1,1,,59.3858921,0.29852,3,144767599700,59.385969,-36.6387186,1650454914222001574,,-0.27684000001215736,1.2520800000004328
53,-1,-1,-36.6383708,0.0,0.0,0.0,0.0,0.0,0.0,0.0,0.0,0.0,0.0,0.0,0.0,7875085050,MS_9813_145,MS_9813_145_3,1,1,,59.3858921,0.29852,3,144767599700,59.3858155,-36.6385831,1650454914222001725,,0.2757599999995364,0.7642800000041916
54,-1,-1,-36.6383708,0.0,0.0,0.0,0.0,0.0,0.0,0.0,0.0,0.0,0.0,0.0,0.0,7875085050,MS_9813_145,MS_9813_145_3,1,1,,59.3858921,0.29852,3,144767599700,59.3860304,-36.6384729,1650938699338220735,,-0.49788000001171895,0.3675599999979795
55,-1,-1,-36.6383708,0.0,0.0,0.0,0.0,0.0,0.0,0.0,0.0,0.0,0.0,0.0,0.0,7875085050,MS_9813_145,MS_9813_145_3,1,1,,59.3858921,0.29852,3,144767599700,59.3858155,-36.6385831,1650938699338224528,,0.2757599999995364,0.7642800000041916
56,-1,-1,-36.6383708,0.0,0.0,0.0,0.0,0.0,0.0,0.0,0.0,0.0,0.0,0.0,0.0,7875085050,MS_9813_145,MS_9813_145_3,1,1,,59.3858921,0.29852,3,144767599700,59.385969,-36.6387186,1650938699338224241,,-0.27684000001215736,1.2520800000004328
57,-1,-1,-36.8745387,0.0,0.0,0.0,0.0,0.0,0.0,0.0,0.0,0.0,0.0,0.0,0.0,7875081824,MS_9813_169,MS_9813_169_3,1,1,,59.1942078,0.284026,3,144766710543,59.1942089,-36.8745487,1650393341570842984,3418.4310993,-0.003959999995117869,0.03599999998584735
58,-1,-1,-36.8745387,0.0,0.0,0.0,0.0,0.0,0.0,0.0,0.0,0.0,0.0,0.0,0.0,7875081824,MS_9813_169,MS_9813_169_3,1,1,,59.1942078,0.284026,3,144766710543,59.1943799,-36.8745331,1650393341570842894,-1002.4946361,-0.6195600000012291,-0.020160000005375878
59,-1,-1,-36.5325544,0.0,0.0,0.0,0.0,0.0,0.0,0.0,0.0,0.0,0.0,0.0,0.0,7875737180,MS_9813_1496,MS_9813_1496_3,1,1,,59.3625967,0.65108,3,144767683444,59.3626315,-36.5325409,1650516486873156483,1079.8230594,-0.1252800000060006,-0.04860000000519449
60,-1,-1,-36.5325544,0.0,0.0,0.0,0.0,0.0,0.0,0.0,0.0,0.0,0.0,0.0,0.0,7875737180,MS_9813_1496,MS_9813_1496_3,1,1,,59.3625967,0.65108,3,144767683444,59.3626315,-36.5325409,1651000271989380314,1079.8230594,-0.1252800000060006,-0.04860000000519449
61,-1,-1,-36.9669896,0.0,0.0,0.0,0.0,0.0,0.0,0.0,0.0,0.0,0.0,0.0,0.0,7875749508,MS_9813_1424,MS_9813_1424_3,1,1,,59.3338115,0.621275,3,144761078231,59.3337866,-36.9669784,1650393341570844061,2118.6850965,0.0896399999987807,-0.04031999998517222
62,-1,-1,-36.9669896,0.0,0.0,0.0,0.0,0.0,0.0,0.0,0.0,0.0,0.0,0.0,0.0,7875749508,MS_9813_1424,MS_9813_1424_3,1,1,,59.3338115,0.621275,3,144761078231,59.3337866,-36.9669784,1650877126687065739,2118.6850965,0.0896399999987807,-0.04031999998517222
63,-1,-1,-36.9866657,0.0,0.0,0.0,0.0,0.0,0.0,0.0,0.0,0.0,0.0,0.0,0.0,7875757331,MS_9813_1394,MS_9813_1394_3,1,1,,59.2517504,0.629833,3,144761071731,59.2517781,-36.9866906,1650393341570846264,,-0.0997200000142584,0.0896399999987807
64,-1,-1,-36.9987406,0.0,0.0,0.0,0.0,0.0,0.0,0.0,0.0,0.0,0.0,0.0,0.0,7875244795,MS_9813_538,MS_9813_538_3,1,1,,59.297616,0.423705,3,144761063261,59.2979549,-36.9987325,1650393341570847223,,-1.2200400000097034,-0.029159999982653062
65,-1,-1,-36.7418622,0.0,0.0,0.0,0.0,0.0,0.0,0.0,0.0,0.0,0.0,0.0,0.0,7875296852,MS_9813_633,MS_9813_633_3,1,1,,59.374145,0.469577,3,144767483999,59.3742445,-36.7419645,1650454914222000251,-1472.6124833,-0.3582000000164953,0.3682800000063935
66,-1,-1,-36.7418622,0.0,0.0,0.0,0.0,0.0,0.0,0.0,0.0,0.0,0.0,0.0,0.0,7875296852,MS_9813_633,MS_9813_633_3,1,1,,59.374145,0.469577,3,144767483999,59.3744514,-36.7419707,1650454914222002802,,-1.1030399999981455,0.3906000000114318
67,-1,-1,-36.7418622,0.0,0.0,0.0,0.0,0.0,0.0,0.0,0.0,0.0,0.0,0.0,0.0,7875296852,MS_9813_633,MS_9813_633_3,1,1,,59.374145,0.469577,3,144767483999,59.3740655,-36.7419854,1650454914222002827,,0.28619999999364154,0.4435199999903716
68,-1,-1,-36.7418622,0.0,0.0,0.0,0.0,0.0,0.0,0.0,0.0,0.0,0.0,0.0,0.0,7875296852,MS_9813_633,MS_9813_633_3,1,1,,59.374145,0.469577,3,144767483999,59.3744514,-36.7419707,1650938699338226007,,-1.1030399999981455,0.3906000000114318
69,-1,-1,-36.7418622,0.0,0.0,0.0,0.0,0.0,0.0,0.0,0.0,0.0,0.0,0.0,0.0,7875296852,MS_9813_633,MS_9813_633_3,1,1,,59.374145,0.469577,3,144767483999,59.3740655,-36.7419854,1650938699338226035,,0.28619999999364154,0.4435199999903716
70,-1,-1,-36.7418622,0.0,0.0,0.0,0.0,0.0,0.0,0.0,0.0,0.0,0.0,0.0,0.0,7875296852,MS_9813_633,MS_9813_633_3,1,1,,59.374145,0.469577,3,144767483999,59.3742445,-36.7419645,1650938699338222451,-1472.6124833,-0.3582000000164953,0.3682800000063935
71,-1,-1,-36.6262423,0.0,0.0,0.0,0.0,0.0,0.0,0.0,0.0,0.0,0.0,0.0,0.0,7875434275,MS_9813_872,MS_9813_872_3,1,1,,59.3134816,0.524271,3,144767597470,59.3134896,-36.6262529,1650454914221999720,2425.0891601,-0.028799999978446067,0.038159999985509785
72,-1,-1,-36.815441,0.0,0.0,0.0,0.0,0.0,0.0,0.0,0.0,0.0,0.0,0.0,0.0,7875523386,MS_9813_950,MS_9813_950_3,1,1,,59.2465979,0.542236,3,144766728064,59.2465713,-36.8154675,1650393341570846138,1577.8231013,0.095759999993561,0.095399999989354
73,-1,-1,-36.7764905,0.0,0.0,0.0,0.0,0.0,0.0,0.0,0.0,0.0,0.0,0.0,0.0,7876512675,MS_9813_2731,MS_9813_2731_3,1,1,,59.1718817,0.833803,3,144766824393,59.1718801,-36.7764989,1650454914222000138,778.2272351,0.005759999990573306,0.030239999995274047
74,-1,-1,-36.6673135,0.0,0.0,0.0,0.0,0.0,0.0,0.0,0.0,0.0,0.0,0.0,0.0,7875868264,MS_9813_1803,MS_9813_1803_3,1,1,,59.3382524,0.688595,3,144767586985,59.3381715,-36.6670306,1650454914222000465,,0.2912400000013804,-1.0184400000071037
75,-1,-1,-36.6673135,0.0,0.0,0.0,0.0,0.0,0.0,0.0,0.0,0.0,0.0,0.0,0.0,7875868264,MS_9813_1803,MS_9813_1803_3,1,1,,59.3382524,0.688595,3,144767586985,59.3381715,-36.6670306,1650938699338222690,,0.2912400000013804,-1.0184400000071037
76,-1,-1,-36.5767665,0.0,0.0,0.0,0.0,0.0,0.0,0.0,0.0,0.0,0.0,0.0,0.0,7876328319,MS_9813_2495,MS_9813_2495_3,1,1,,59.2115794,0.819552,3,144767984155,59.2115912,-36.5767899,1650454914221998878,,-0.04248000001041419,0.08424000001241438
77,-1,-1,-36.9639469,0.0,0.0,0.0,0.0,0.0,0.0,0.0,0.0,0.0,0.0,0.0,0.0,7876318505,MS_9813_2485,MS_9813_2485_3,1,1,,59.3807815,0.794669,3,144761058498,59.3806735,-36.9636877,1650393341570848548,,0.3887999999903968,-0.9331200000076478
78,-1,-1,-36.9639469,0.0,0.0,0.0,0.0,0.0,0.0,0.0,0.0,0.0,0.0,0.0,0.0,7876318505,MS_9813_2485,MS_9813_2485_3,1,1,,59.3807815,0.794669,3,144761058498,59.3806735,-36.9636877,1650877126687071306,,0.3887999999903968,-0.9331200000076478
79,-1,-1,-36.9489507,0.0,0.0,0.0,0.0,0.0,0.0,0.0,0.0,0.0,0.0,0.0,0.0,7876493401,MS_9813_2821,MS_9813_2821_3,1,1,,59.1767634,0.82922,3,144766521645,59.1767633,-36.9489582,1650393341570847160,615.9697868,0.00036000000420699507,0.02700000000857017
80,-1,-1,-37.0365208,0.0,0.0,0.0,0.0,0.0,0.0,0.0,0.0,0.0,0.0,0.0,0.0,7875060312,MS_9813_124,MS_9813_124_3,1,1,,59.2777058,0.242459,3,144760864478,59.2777006,-37.0365151,1650331768919691834,2056.7484626,0.018719999988547897,-0.020519999984003334
81,-1,-1,-36.8840031,0.0,0.0,0.0,0.0,0.0,0.0,0.0,0.0,0.0,0.0,0.0,0.0,7875148217,MS_9813_294,MS_9813_294_3,1,1,,59.2429811,0.354989,3,144766692091,59.2429723,-36.883984,1650393341570846139,2823.1793555,0.03168000001210203,-0.06876000001057037
82,-1,-1,-36.7122945,0.0,0.0,0.0,0.0,0.0,0.0,0.0,0.0,0.0,0.0,0.0,0.0,7875154952,MS_9813_307,MS_9813_307_3,1,1,,59.1804604,0.35989,3,144766902649,59.1804514,-36.7123064,1650454914221998292,3393.7757627,0.03239999999493648,0.04284000001462118
83,-1,-1,-36.8018048,0.0,0.0,0.0,0.0,0.0,0.0,0.0,0.0,0.0,0.0,0.0,0.0,7875153393,MS_9813_315,MS_9813_315_3,1,1,,59.2081657,0.35147,3,144766818381,59.2081565,-36.8018138,1650393341570845122,6104.7272251,0.03312000000335047,0.03239999999493648
84,-1,-1,-36.9087489,0.0,0.0,0.0,0.0,0.0,0.0,0.0,0.0,0.0,0.0,0.0,0.0,7875191297,MS_9813_375,MS_9813_375_3,1,1,,59.3356456,0.398781,3,144761091884,59.3356281,-36.9087046,1650393341570846582,-703.0363629,0.06299999999441752,-0.1594799999963925
85,-1,-1,-36.9087489,0.0,0.0,0.0,0.0,0.0,0.0,0.0,0.0,0.0,0.0,0.0,0.0,7875191297,MS_9813_375,MS_9813_375_3,1,1,,59.3356456,0.398781,3,144761091884,59.3356448,-36.9087475,1650393341570842882,4191.305538,0.002880000008076422,-0.005040000007738854
86,-1,-1,-36.9087489,0.0,0.0,0.0,0.0,0.0,0.0,0.0,0.0,0.0,0.0,0.0,0.0,7875191297,MS_9813_375,MS_9813_375_3,1,1,,59.3356456,0.398781,3,144761091884,59.3356448,-36.9087475,1650877126687064322,4191.305538,0.002880000008076422,-0.005040000007738854
87,-1,-1,-36.9087489,0.0,0.0,0.0,0.0,0.0,0.0,0.0,0.0,0.0,0.0,0.0,0.0,7875191297,MS_9813_375,MS_9813_375_3,1,1,,59.3356456,0.398781,3,144761091884,59.3356281,-36.9087046,1650877126687068805,-703.0363629,0.06299999999441752,-0.1594799999963925
88,-1,-1,-37.0223312,0.0,0.0,0.0,0.0,0.0,0.0,0.0,0.0,0.0,0.0,0.0,0.0,7875194001,MS_9813_406,MS_9813_406_3,1,1,,59.2095058,0.393346,3,144760892252,59.2095095,-37.0223345,1650331768919690899,2642.95576,-0.013320000002181587,0.011879999985353606
89,-1,-1,-37.0426859,0.0,0.0,0.0,0.0,0.0,0.0,0.0,0.0,0.0,0.0,0.0,0.0,7875192813,MS_9813_399,MS_9813_399_3,1,1,,59.2199162,0.393114,3,144760889643,59.2199105,-37.0426881,1650331768919689061,2816.9040725,0.020520000009582873,0.007919999990235738
90,-1,-1,-37.0426859,0.0,0.0,0.0,0.0,0.0,0.0,0.0,0.0,0.0,0.0,0.0,0.0,7875192813,MS_9813_399,MS_9813_399_3,1,1,,59.2199162,0.393114,3,144760889643,59.2198391,-37.0425728,1650331768919688998,,0.2775599999949918,-0.40716000000031727
91,-1,-1,-37.0362601,0.0,0.0,0.0,0.0,0.0,0.0,0.0,0.0,0.0,0.0,0.0,0.0,7875042025,MS_9813_102,MS_9813_102_3,1,1,,59.3902664,0.239698,3,144760955780,59.3899867,-37.0361445,1650331768919691304,,1.0069200000003775,-0.416160000003174
92,-1,-1,-37.0362601,0.0,0.0,0.0,0.0,0.0,0.0,0.0,0.0,0.0,0.0,0.0,0.0,7875042025,MS_9813_102,MS_9813_102_3,1,1,,59.3902664,0.239698,3,144760955780,59.3901367,-37.0364408,1650331768919690659,,0.4669200000080309,0.6505200000049172
93,-1,-1,-37.0362601,0.0,0.0,0.0,0.0,0.0,0.0,0.0,0.0,0.0,0.0,0.0,0.0,7875042025,MS_9813_102,MS_9813_102_3,1,1,,59.3902664,0.239698,3,144760955780,59.3902364,-37.0362253,1650331768919687986,522.6352678,0.10800000000870114,-0.1252800000060006
94,-1,-1,-37.0362601,0.0,0.0,0.0,0.0,0.0,0.0,0.0,0.0,0.0,0.0,0.0,0.0,7875042025,MS_9813_102,MS_9813_102_3,1,1,,59.3902664,0.239698,3,144760955780,59.3901367,-37.0364408,1650815554035912780,,0.4669200000080309,0.6505200000049172
95,-1,-1,-37.0362601,0.0,0.0,0.0,0.0,0.0,0.0,0.0,0.0,0.0,0.0,0.0,0.0,7875042025,MS_9813_102,MS_9813_102_3,1,1,,59.3902664,0.239698,3,144760955780,59.3902364,-37.0362253,1650815554035909546,522.6352678,0.10800000000870114,-0.1252800000060006
96,-1,-1,-37.0362601,0.0,0.0,0.0,0.0,0.0,0.0,0.0,0.0,0.0,0.0,0.0,0.0,7875042025,MS_9813_102,MS_9813_102_3,1,1,,59.3902664,0.239698,3,144760955780,59.3899867,-37.0361445,1650815554035913571,,1.0069200000003775,-0.416160000003174
97,-1,-1,-36.8152925,0.0,0.0,0.0,0.0,0.0,0.0,0.0,0.0,0.0,0.0,0.0,0.0,7875081812,MS_9813_197,MS_9813_197_3,1,1,,59.3569783,0.290073,3,144766749483,59.3569761,-36.8152873,1650393341570843235,3768.7087095,0.007920000015815276,-0.018719999988547897
98,-1,-1,-36.8152925,0.0,0.0,0.0,0.0,0.0,0.0,0.0,0.0,0.0,0.0,0.0,0.0,7875081812,MS_9813_197,MS_9813_197_3,1,1,,59.3569783,0.290073,3,144766749483,59.3569761,-36.8152873,1650877126687064752,3768.7087095,0.007920000015815276,-0.018719999988547897
99,-1,-1,-36.5684128,0.0,0.0,0.0,0.0,0.0,0.0,0.0,0.0,0.0,0.0,0.0,0.0,7876306562,MS_9813_2647,MS_9813_2647_3,1,1,,59.7694546,0.819312,3,144762146649,59.7694447,-36.5684908,1650929903245198449,,0.035640000007219896,0.28080000000727523
100,-1,-1,-36.8188798,0.0,0.0,0.0,0.0,0.0,0.0,0.0,0.0,0.0,0.0,0.0,0.0,7876491414,MS_9813_2701,MS_9813_2701_3,1,1,,59.7540542,0.830629,3,144761420372,59.7540729,-36.8188372,1650868330594045374,,-0.06731999999374239,-0.1533600000016122
101,-1,-1,-36.9295298,0.0,0.0,0.0,0.0,0.0,0.0,0.0,0.0,0.0,0.0,0.0,0.0,7876310176,MS_9813_2522,MS_9813_2522_3,1,1,,59.4621216,0.795717,3,144761110611,59.46205,-36.9295167,1650877126687066823,,0.25776000001940247,-0.04715999998836651
102,-1,-1,-36.7401167,0.0,0.0,0.0,0.0,0.0,0.0,0.0,0.0,0.0,0.0,0.0,0.0,7876505898,MS_9813_2769,MS_9813_2769_3,1,1,,59.6728705,0.826706,3,144761811480,59.6730503,-36.7405397,1650929903245198810,-76.7668997,-0.6472799999926337,1.5227999999922304
103,-1,-1,-36.7401167,0.0,0.0,0.0,0.0,0.0,0.0,0.0,0.0,0.0,0.0,0.0,0.0,7876505898,MS_9813_2769,MS_9813_2769_3,1,1,,59.6728705,0.826706,3,144761811480,59.6729612,-36.7406723,1650929903245198025,-1054.6598685,-0.3265200000043933,2.0001599999943664
104,-1,-1,-36.6072897,0.0,0.0,0.0,0.0,0.0,0.0,0.0,0.0,0.0,0.0,0.0,0.0,7876504392,MS_9813_2915,MS_9813_2915_3,1,1,,59.678151,0.843044,3,144762126349,59.6780945,-36.6072869,1650929903245201121,1420.4707832,0.20339999999805514,-0.010080000015477708
105,-1,-1,-36.8640393,0.0,0.0,0.0,0.0,0.0,0.0,0.0,0.0,0.0,0.0,0.0,0.0,7875243916,MS_9813_441,MS_9813_441_3,1,1,,59.5613703,0.415986,3,144761730506,59.5613811,-36.864038,1650877126687070274,2038.9101405,-0.038879999993923775,-0.004680000003531859
106,-1,-1,-36.8546105,0.0,0.0,0.0,0.0,0.0,0.0,0.0,0.0,0.0,0.0,0.0,0.0,7875000511,MS_9813_1,MS_9813_1_3,1,1,,59.4240224,0.0536538,3,144761146705,59.4240261,-36.8546124,1650393341570842702,251291.9422923,-0.013320000002181587,0.006840000003194291
107,-1,-1,-36.8546105,0.0,0.0,0.0,0.0,0.0,0.0,0.0,0.0,0.0,0.0,0.0,0.0,7875000511,MS_9813_1,MS_9813_1_3,1,1,,59.4240224,0.0536538,3,144761146705,59.4240024,-36.8546028,1650393341570845209,-67962.8900647,0.07199999999727424,-0.02771999999140462
108,-1,-1,-36.8546105,0.0,0.0,0.0,0.0,0.0,0.0,0.0,0.0,0.0,0.0,0.0,0.0,7875000511,MS_9813_1,MS_9813_1_3,1,1,,59.4240224,0.0536538,3,144761146705,59.4239217,-36.8544075,1650393341570843849,,0.36251999999024065,-0.7307999999966341
109,-1,-1,-36.8546105,0.0,0.0,0.0,0.0,0.0,0.0,0.0,0.0,0.0,0.0,0.0,0.0,7875000511,MS_9813_1,MS_9813_1_3,1,1,,59.4240224,0.0536538,3,144761146705,59.4239217,-36.8544075,1650877126687065500,,0.36251999999024065,-0.7307999999966341
110,-1,-1,-36.8546105,0.0,0.0,0.0,0.0,0.0,0.0,0.0,0.0,0.0,0.0,0.0,0.0,7875000511,MS_9813_1,MS_9813_1_3,1,1,,59.4240224,0.0536538,3,144761146705,59.4240261,-36.8546124,1650877126687064153,251291.9422923,-0.013320000002181587,0.006840000003194291
111,-1,-1,-36.8546105,0.0,0.0,0.0,0.0,0.0,0.0,0.0,0.0,0.0,0.0,0.0,0.0,7875000511,MS_9813_1,MS_9813_1_3,1,1,,59.4240224,0.0536538,3,144761146705,59.4240024,-36.8546028,1650877126687067150,-67962.8900647,0.07199999999727424,-0.02771999999140462
112,-1,-1,-36.89957,0.0,0.0,0.0,0.0,0.0,0.0,0.0,0.0,0.0,0.0,0.0,0.0,7875367305,MS_9813_822,MS_9813_822_3,1,1,,59.544178,0.50118,3,144761720414,59.544186,-36.8995577,1650877126687068598,1611.1174124,-0.028800000004025605,-0.044279999980290086
113,-1,-1,-36.8673553,0.0,0.0,0.0,0.0,0.0,0.0,0.0,0.0,0.0,0.0,0.0,0.0,7875625578,MS_9813_1281,MS_9813_1281_3,1,1,,59.4985637,0.608454,3,144761817416,59.498546,-36.8673511,1650877126687067302,1848.6579167,0.06372000000283151,-0.015119999997637024
114,-1,-1,-36.619368,0.0,0.0,0.0,0.0,0.0,0.0,0.0,0.0,0.0,0.0,0.0,0.0,7875520063,MS_9813_1054,MS_9813_1054_3,1,1,,59.7164308,0.564157,3,144762097350,59.7164201,-36.6193664,1650929903245200901,1965.095283,0.03851999998971678,-0.005760000016152844
115,-1,-1,-36.7718638,0.0,0.0,0.0,0.0,0.0,0.0,0.0,0.0,0.0,0.0,0.0,0.0,7875874149,MS_9813_1438,MS_9813_1438_3,1,1,,59.6779974,0.663677,3,144761800362,59.6779726,-36.7718422,1650929903245202814,641.1293953,0.08928000002015324,-0.07775999998784755
116,-1,-1,-36.6696499,0.0,0.0,0.0,0.0,0.0,0.0,0.0,0.0,0.0,0.0,0.0,0.0,7876156714,MS_9813_2295,MS_9813_2295_3,1,1,,59.7492488,0.773025,3,144762003760,59.7492315,-36.6696583,1650929903245200263,731.0570124,0.06227999998600353,0.030239999995274047
117,-1,-1,-36.5470845,0.0,0.0,0.0,0.0,0.0,0.0,0.0,0.0,0.0,0.0,0.0,0.0,7876157723,MS_9813_2311,MS_9813_2311_3,1,1,,59.528068,0.768964,3,144767573487,59.5280996,-36.5470965,1651000271989380827,,-0.11375999999927444,0.04320000001882818
118,-1,-1,-36.9798664,0.0,0.0,0.0,0.0,0.0,0.0,0.0,0.0,0.0,0.0,0.0,0.0,7876155216,MS_9813_2343,MS_9813_2343_3,1,1,,59.4479146,0.776126,3,144761005842,59.4478682,-36.9795843,1650393341570846858,-601.002614,0.16703999998242125,-1.0155599999990272
119,-1,-1,-36.9798664,0.0,0.0,0.0,0.0,0.0,0.0,0.0,0.0,0.0,0.0,0.0,0.0,7876155216,MS_9813_2343,MS_9813_2343_3,1,1,,59.4479146,0.776126,3,144761005842,59.4480665,-36.9797974,1650393341570844926,,-0.5468400000211204,-0.2483999999867592
120,-1,-1,-36.9798664,0.0,0.0,0.0,0.0,0.0,0.0,0.0,0.0,0.0,0.0,0.0,0.0,7876155216,MS_9813_2343,MS_9813_2343_3,1,1,,59.4479146,0.776126,3,144761005842,59.4479102,-36.9798733,1650393341570844898,-2259.5189568,0.015839999980471475,0.024840000008907737
121,-1,-1,-36.9798664,0.0,0.0,0.0,0.0,0.0,0.0,0.0,0.0,0.0,0.0,0.0,0.0,7876155216,MS_9813_2343,MS_9813_2343_3,1,1,,59.4479146,0.776126,3,144761005842,59.447902,-36.9798285,1650393341570843872,-3167.8447091,0.04535999999291107,-0.1364399999829402
122,-1,-1,-36.9798664,0.0,0.0,0.0,0.0,0.0,0.0,0.0,0.0,0.0,0.0,0.0,0.0,7876155216,MS_9813_2343,MS_9813_2343_3,1,1,,59.4479146,0.776126,3,144761005842,59.4478682,-36.9795843,1650877126687069177,-601.002614,0.16703999998242125,-1.0155599999990272
123,-1,-1,-36.9798664,0.0,0.0,0.0,0.0,0.0,0.0,0.0,0.0,0.0,0.0,0.0,0.0,7876155216,MS_9813_2343,MS_9813_2343_3,1,1,,59.4479146,0.776126,3,144761005842,59.447902,-36.9798285,1650877126687065524,-3167.8447091,0.04535999999291107,-0.1364399999829402
124,-1,-1,-36.9798664,0.0,0.0,0.0,0.0,0.0,0.0,0.0,0.0,0.0,0.0,0.0,0.0,7876155216,MS_9813_2343,MS_9813_2343_3,1,1,,59.4479146,0.776126,3,144761005842,59.4480665,-36.9797974,1650877126687066802,,-0.5468400000211204,-0.2483999999867592
125,-1,-1,-36.9798664,0.0,0.0,0.0,0.0,0.0,0.0,0.0,0.0,0.0,0.0,0.0,0.0,7876155216,MS_9813_2343,MS_9813_2343_3,1,1,,59.4479146,0.776126,3,144761005842,59.4479102,-36.9798733,1650877126687066774,-2259.5189568,0.015839999980471475,0.024840000008907737
126,-1,-1,-36.6385999,0.0,0.0,0.0,0.0,0.0,0.0,0.0,0.0,0.0,0.0,0.0,0.0,7876162671,MS_9813_2355,MS_9813_2355_3,1,1,,59.5724645,0.774241,3,144761941844,59.5724631,-36.638607,1650938699338225280,942.1004402,0.005040000007738854,0.02555999999174219
127,-1,-1,-36.6633548,0.0,0.0,0.0,0.0,0.0,0.0,0.0,0.0,0.0,0.0,0.0,0.0,7875751701,MS_9813_1345,MS_9813_1345_3,1,1,,59.5923739,0.635091,3,144761933635,59.5923687,-36.6633697,1650938699338222215,904.5149102,0.018719999988547897,0.053639999987353804
128,-1,-1,-36.5429002,0.0,0.0,0.0,0.0,0.0,0.0,0.0,0.0,0.0,0.0,0.0,0.0,7875744178,MS_9813_1356,MS_9813_1356_3,1,1,,59.6778055,0.62348,3,144762139599,59.6777726,-36.5428905,1650991475896354974,1559.0295745,0.1184400000028063,-0.034919999998805906
129,-1,-1,-36.7012941,0.0,0.0,0.0,0.0,0.0,0.0,0.0,0.0,0.0,0.0,0.0,0.0,7875636559,MS_9813_1158,MS_9813_1158_3,1,1,,59.7239451,0.585159,3,144761985714,59.7239325,-36.7012931,1650929903245201013,2114.6241957,0.04536000001849061,-0.0035999999909108737
130,-1,-1,-36.9755368,0.0,0.0,0.0,0.0,0.0,0.0,0.0,0.0,0.0,0.0,0.0,0.0,7875735804,MS_9813_1238,MS_9813_1238_3,1,1,,59.5855314,0.619204,3,144761684140,59.5855411,-36.9755257,1650877126687068596,1402.3008276,-0.034919999998805906,-0.03996000000654476
131,-1,-1,-36.6535989,0.0,0.0,0.0,0.0,0.0,0.0,0.0,0.0,0.0,0.0,0.0,0.0,7875858717,MS_9813_1470,MS_9813_1470_3,1,1,,59.6082799,0.679314,3,144761936337,59.6082906,-36.6535987,1650938699338223574,1667.3542441,-0.03851999998971678,-0.0007199999828344517
132,-1,-1,-36.9659533,0.0,0.0,0.0,0.0,0.0,0.0,0.0,0.0,0.0,0.0,0.0,0.0,7875860017,MS_9813_1601,MS_9813_1601_3,1,1,,59.5803855,0.661116,3,144761686090,59.5806898,-36.965872,1650877126687064437,,-1.0954800000121168,-0.2926800000182084
133,-1,-1,-36.981129,0.0,0.0,0.0,0.0,0.0,0.0,0.0,0.0,0.0,0.0,0.0,0.0,7876004008,MS_9813_1671,MS_9813_1671_3,1,1,,59.7290536,0.699295,3,144761313901,59.7290919,-36.9811285,1650868330594045061,,-0.1378799999997682,-0.0018000000210349754
134,-1,-1,-36.604118,0.0,0.0,0.0,0.0,0.0,0.0,0.0,0.0,0.0,0.0,0.0,0.0,10333,hl_ms_10333,hl_ms_10333_3,1,1,,59.5050308,0.589908,3,144767565901,59.5050044,-36.6041214,1650938699338222276,1101.1943404,0.09504000001072654,0.012239999989560602
135,-1,-1,-36.6829159,0.0,0.0,0.0,0.0,0.0,0.0,0.0,0.0,0.0,0.0,0.0,0.0,19427,hl_ms_19427,hl_ms_19427_3,1,1,,59.6537159,0.747294,3,144761905079,59.6536451,-36.6828516,1650929903245203659,,0.25488000001132605,-0.23147999999366675
136,-1,-1,-36.9632522,0.0,0.0,0.0,0.0,0.0,0.0,0.0,0.0,0.0,0.0,0.0,0.0,7875042524,MS_9813_84,MS_9813_84_3,1,1,,59.6336325,0.239432,3,144761336771,59.6338168,-36.9634648,1650868330594044571,-1882.0997978,-0.6634800000028918,0.765359999991233
137,-1,-1,-36.9632522,0.0,0.0,0.0,0.0,0.0,0.0,0.0,0.0,0.0,0.0,0.0,0.0,7875042524,MS_9813_84,MS_9813_84_3,1,1,,59.6336325,0.239432,3,144761336771,59.6338059,-36.9633145,1650868330594042204,-1279.1578409,-0.624240000004761,0.224280000011845
138,-1,-1,-36.9632522,0.0,0.0,0.0,0.0,0.0,0.0,0.0,0.0,0.0,0.0,0.0,0.0,7875042524,MS_9813_84,MS_9813_84_3,1,1,,59.6336325,0.239432,3,144761336771,59.6335946,-36.9633529,1650868330594042459,627.8688833,0.1364399999829402,0.36251999999024065
139,-1,-1,-36.9632522,0.0,0.0,0.0,0.0,0.0,0.0,0.0,0.0,0.0,0.0,0.0,0.0,7875042524,MS_9813_84,MS_9813_84_3,1,1,,59.6336325,0.239432,3,144761336771,59.6336239,-36.9631813,1650868330594048029,,0.0309599999781085,-0.2552399999899535
140,-1,-1,-36.5675422,0.0,0.0,0.0,0.0,0.0,0.0,0.0,0.0,0.0,0.0,0.0,0.0,7875041575,MS_9813_73,MS_9813_73_3,1,1,,59.4911343,0.21576,3,144767575235,59.4911378,-36.5676622,1650938699338225002,,-0.012599999993767597,0.432000000009225
141,-1,-1,-36.5675422,0.0,0.0,0.0,0.0,0.0,0.0,0.0,0.0,0.0,0.0,0.0,0.0,7875041575,MS_9813_73,MS_9813_73_3,1,1,,59.4911343,0.21576,3,144767575235,59.4911237,-36.5675366,1650938699338224973,13447.9926964,0.038159999985509785,-0.020160000005375878
142,-1,-1,-37.0158142,0.0,0.0,0.0,0.0,0.0,0.0,0.0,0.0,0.0,0.0,0.0,0.0,7875062006,MS_9813_127,MS_9813_127_3,1,1,,59.6968496,0.255808,3,144761298547,59.6966529,-37.0158482,1650806757942889950,-1030.5473196,0.7081200000129684,0.12239999999792417
143,-1,-1,-37.0158142,0.0,0.0,0.0,0.0,0.0,0.0,0.0,0.0,0.0,0.0,0.0,0.0,7875062006,MS_9813_127,MS_9813_127_3,1,1,,59.6968496,0.255808,3,144761298547,59.6968394,-37.0158137,1650806757942886856,7591.3026192,0.03671999999426134,-0.0017999999954554369
144,-1,-1,-36.8058833,0.0,0.0,0.0,0.0,0.0,0.0,0.0,0.0,0.0,0.0,0.0,0.0,7875044578,MS_9813_122,MS_9813_122_3,1,1,,59.4070733,0.241845,3,144761159327,59.4071765,-36.8058873,1650393341570842918,,-0.37151999999309737,0.014400000014802572
145,-1,-1,-36.8058833,0.0,0.0,0.0,0.0,0.0,0.0,0.0,0.0,0.0,0.0,0.0,0.0,7875044578,MS_9813_122,MS_9813_122_3,1,1,,59.4070733,0.241845,3,144761159327,59.4071765,-36.8058873,1650877126687064376,,-0.37151999999309737,0.014400000014802572
146,-1,-1,-36.8464743,0.0,0.0,0.0,0.0,0.0,0.0,0.0,0.0,0.0,0.0,0.0,0.0,7876009936,MS_9813_1898,MS_9813_1898_3,1,1,,59.5634748,0.717635,3,144761743621,59.5634664,-36.8464222,1650877126687069367,,0.030239999995274047,-0.18755999999200412
147,-1,-1,-36.6394032,0.0,0.0,0.0,0.0,0.0,0.0,0.0,0.0,0.0,0.0,0.0,0.0,7875999759,MS_9813_1882,MS_9813_1882_3,1,1,,59.7602328,0.704195,3,144762008316,59.7602385,-36.6393951,1650929903245198122,661.2656459,-0.020520000009582873,-0.029159999982653062
148,-1,-1,-36.5881667,0.0,0.0,0.0,0.0,0.0,0.0,0.0,0.0,0.0,0.0,0.0,0.0,7875861950,MS_9813_1819,MS_9813_1819_3,1,1,,59.5508754,0.68113,3,144767546930,59.5508705,-36.5881669,1650938699338220866,741.2801079,0.01764000000150645,0.0007199999828344517
149,-1,-1,-36.5606634,0.0,0.0,0.0,0.0,0.0,0.0,0.0,0.0,0.0,0.0,0.0,0.0,7876140214,MS_9813_2087,MS_9813_2087_3,1,1,,59.5997689,0.754139,3,144767720225,59.5997755,-36.5606502,1650938699338225743,1176.5912231,-0.02375999999628675,-0.04752000001815304
150,-1,-1,-36.8384575,0.0,0.0,0.0,0.0,0.0,0.0,0.0,0.0,0.0,0.0,0.0,0.0,7876004399,MS_9813_1867,MS_9813_1867_3,1,1,,59.4546063,0.717693,3,144761148887,59.4546239,-36.838476,1650877126687068900,,-0.06335999999862452,0.06660000001090793
151,-1,-1,-36.6360148,0.0,0.0,0.0,0.0,0.0,0.0,0.0,0.0,0.0,0.0,0.0,0.0,7875869445,MS_9813_1762,MS_9813_1762_3,1,1,,59.6984375,0.685099,3,144762085345,59.6984256,-36.6360077,1650929903245203574,1122.9228808,0.042839999989041644,-0.02555999999174219
152,-1,-1,-36.7794053,0.0,0.0,0.0,0.0,0.0,0.0,0.0,0.0,0.0,0.0,0.0,0.0,7876002282,MS_9813_1775,MS_9813_1775_3,1,1,,59.3981073,0.697558,3,144766754294,59.398162,-36.779427,1650393341570844099,,-0.19691999999906784,0.07811999999205455
153,-1,-1,-36.7794053,0.0,0.0,0.0,0.0,0.0,0.0,0.0,0.0,0.0,0.0,0.0,0.0,7876002282,MS_9813_1775,MS_9813_1775_3,1,1,,59.3981073,0.697558,3,144766754294,59.398162,-36.779427,1650877126687065792,,-0.19691999999906784,0.07811999999205455
154,-1,-1,-36.6728945,0.0,0.0,0.0,0.0,0.0,0.0,0.0,0.0,0.0,0.0,0.0,0.0,7875863997,MS_9813_1799,MS_9813_1799_3,1,1,,59.4201991,0.694262,3,144767502251,59.4202152,-36.6728467,1650454914222001849,,-0.057960000012258206,-0.1720799999901601
155,-1,-1,-36.6728945,0.0,0.0,0.0,0.0,0.0,0.0,0.0,0.0,0.0,0.0,0.0,0.0,7875863997,MS_9813_1799,MS_9813_1799_3,1,1,,59.4201991,0.694262,3,144767502251,59.4202152,-36.6728467,1650938699338224692,,-0.057960000012258206,-0.1720799999901601
156,-1,-1,-37.0220969,0.0,0.0,0.0,0.0,0.0,0.0,0.0,0.0,0.0,0.0,0.0,0.0,7875119170,MS_9813_213,MS_9813_213_3,1,1,,59.432532,0.31284,3,144760954029,59.4325381,-37.0220877,1650331768919691830,5654.6812922,-0.021960000000831315,-0.03312000000335047
157,-1,-1,-37.0220969,0.0,0.0,0.0,0.0,0.0,0.0,0.0,0.0,0.0,0.0,0.0,0.0,7875119170,MS_9813_213,MS_9813_213_3,1,1,,59.432532,0.31284,3,144760954029,59.4325381,-37.0220877,1650815554035914177,5654.6812922,-0.021960000000831315,-0.03312000000335047
158,-1,-1,-36.9989564,0.0,0.0,0.0,0.0,0.0,0.0,0.0,0.0,0.0,0.0,0.0,0.0,7875119187,MS_9813_218,MS_9813_218_3,1,1,,59.4074522,0.31284,3,144760961884,59.4074551,-36.9989628,1650331768919690077,6656.0797448,-0.010439999994105165,0.0230400000134523
159,-1,-1,-36.9989564,0.0,0.0,0.0,0.0,0.0,0.0,0.0,0.0,0.0,0.0,0.0,0.0,7875119187,MS_9813_218,MS_9813_218_3,1,1,,59.4074522,0.31284,3,144760961884,59.4074551,-36.9989628,1650815554035912085,6656.0797448,-0.010439999994105165,0.0230400000134523
160,-1,-1,-36.9400767,0.0,0.0,0.0,0.0,0.0,0.0,0.0,0.0,0.0,0.0,0.0,0.0,7875115051,MS_9813_237,MS_9813_237_3,1,1,,59.4674764,0.331726,3,144761022623,59.4674679,-36.9401088,1650877126687064340,1347.6297343,0.030599999999481042,0.11555999999472988
161,-1,-1,-37.00363,0.0,0.0,0.0,0.0,0.0,0.0,0.0,0.0,0.0,0.0,0.0,0.0,7875118040,MS_9813_248,MS_9813_248_3,1,1,,59.6849351,0.324009,3,144761304698,59.6849368,-37.0036403,1650806757942886988,7257.8399407,-0.006120000020359839,0.03707999999846834
162,-1,-1,-36.9385334,0.0,0.0,0.0,0.0,0.0,0.0,0.0,0.0,0.0,0.0,0.0,0.0,7875301439,MS_9813_678,MS_9813_678_3,1,1,,59.6006872,0.466685,3,144761690319,59.6007283,-36.9385197,1650877126687066978,,-0.14795999998966636,-0.04931999998802894
163,-1,-1,-36.5901812,0.0,0.0,0.0,0.0,0.0,0.0,0.0,0.0,0.0,0.0,0.0,0.0,7875244062,MS_9813_451,MS_9813_451_3,1,1,,59.5141392,0.419502,3,144767567045,59.5141455,-36.5901756,1650938699338219953,1989.7338574,-0.022679999983665766,-0.020160000005375878
164,-1,-1,-37.0052123,0.0,0.0,0.0,0.0,0.0,0.0,0.0,0.0,0.0,0.0,0.0,0.0,7875191590,MS_9813_479,MS_9813_479_3,1,1,,59.4711403,0.401576,3,144760997285,59.4711407,-37.005215,1650815554035910249,1652.4629494,-0.0014399999912484418,0.009720000011270713
165,-1,-1,-36.9911828,0.0,0.0,0.0,0.0,0.0,0.0,0.0,0.0,0.0,0.0,0.0,0.0,7875118021,MS_9813_244,MS_9813_244_3,1,1,,59.6763618,0.324009,3,144761306915,59.6763636,-36.9912063,1650868330594045281,,-0.006479999998987296,0.08460000001662138
166,-1,-1,-36.9911828,0.0,0.0,0.0,0.0,0.0,0.0,0.0,0.0,0.0,0.0,0.0,0.0,7875118021,MS_9813_244,MS_9813_244_3,1,1,,59.6763618,0.324009,3,144761306915,59.67611,-36.9910532,1650868330594048766,,0.9064800000032847,-0.4665599999782444
167,-1,-1,-36.9207091,0.0,0.0,0.0,0.0,0.0,0.0,0.0,0.0,0.0,0.0,0.0,0.0,7875244929,MS_9813_537,MS_9813_537_3,1,1,,59.5803587,0.420407,3,144761698326,59.5803901,-36.9207192,1650877126687064381,698.8571493,-0.11304000001643999,0.03635999999005435
168,-1,-1,-36.8937938,0.0,0.0,0.0,0.0,0.0,0.0,0.0,0.0,0.0,0.0,0.0,0.0,7876919915,MS_9813_3809,MS_9813_3809_3,1,1,,59.7084013,0.950503,3,144761398449,59.7084005,-36.8937602,1650868330594049775,,0.0028799999824968836,-0.12095999998109619
169,-1,-1,-37.0046904,0.0,0.0,0.0,0.0,0.0,0.0,0.0,0.0,0.0,0.0,0.0,0.0,7876941138,MS_9813_3693,MS_9813_3693_3,1,1,,59.6456103,0.939382,3,144761324971,59.6455715,-37.004648,1650806757942888738,591.2071343,0.13967999999522362,-0.15263999999319822
170,-1,-1,-36.8272724,0.0,0.0,0.0,0.0,0.0,0.0,0.0,0.0,0.0,0.0,0.0,0.0,7876695509,MS_9813_3198,MS_9813_3198_3,1,1,,59.5008949,0.873467,3,144761828134,59.5009032,-36.8272053,1650877126687067285,,-0.02988000001664659,-0.24155999998356492
171,-1,-1,-36.540353,0.0,0.0,0.0,0.0,0.0,0.0,0.0,0.0,0.0,0.0,0.0,0.0,40705,hl_ms_40705,hl_ms_40705_3,1,1,,59.7443445,1.01858,3,144762154999,59.7445819,-36.540721,1650991475896353176,1706.4729871,-0.8546400000113863,1.3247999999805415
172,-1,-1,-36.540353,0.0,0.0,0.0,0.0,0.0,0.0,0.0,0.0,0.0,0.0,0.0,0.0,40705,hl_ms_40705,hl_ms_40705_3,1,1,,59.7443445,1.01858,3,144762154999,59.7443936,-36.5405621,1650991475896354208,-796.3220126,-0.1767600000192715,0.7527599999974655
173,-1,-1,-36.7761527,0.0,0.0,0.0,0.0,0.0,0.0,0.0,0.0,0.0,0.0,0.0,0.0,7875011258,MS_9813_31,MS_9813_31_3,1,1,,59.6292801,0.149789,3,144761796869,59.6292371,-36.7761462,1650929903245202213,-701.4446469,0.1548000000184402,-0.023399999992079756
174,-1,-1,-36.7761527,0.0,0.0,0.0,0.0,0.0,0.0,0.0,0.0,0.0,0.0,0.0,0.0,7875011258,MS_9813_31,MS_9813_31_3,1,1,,59.6292801,0.149789,3,144761796869,59.6292811,-36.7761548,1650929903245197685,25803.7568442,-0.0035999999909108737,0.007560000011608281
175,-1,-1,-37.0650099,0.0,0.0,0.0,0.0,0.0,0.0,0.0,0.0,0.0,0.0,0.0,0.0,7875119162,MS_9813_208,MS_9813_208_3,1,1,,59.3726506,0.31284,3,144760942985,59.3726134,-37.0649354,1650331768919689263,-764.8523171,0.13392000000465032,-0.2681999999879281
176,-1,-1,-37.0650099,0.0,0.0,0.0,0.0,0.0,0.0,0.0,0.0,0.0,0.0,0.0,0.0,7875119162,MS_9813_208,MS_9813_208_3,1,1,,59.3726506,0.31284,3,144760942985,59.3723451,-37.0651578,1650331768919689280,,1.0998000000114416,0.5324400000063179
177,-1,-1,-37.0650099,0.0,0.0,0.0,0.0,0.0,0.0,0.0,0.0,0.0,0.0,0.0,0.0,7875119162,MS_9813_208,MS_9813_208_3,1,1,,59.3726506,0.31284,3,144760942985,59.3727466,-37.065108,1650331768919688281,,-0.3455999999971482,0.35316000000875647
178,-1,-1,-37.0650099,0.0,0.0,0.0,0.0,0.0,0.0,0.0,0.0,0.0,0.0,0.0,0.0,7875119162,MS_9813_208,MS_9813_208_3,1,1,,59.3726506,0.31284,3,144760942985,59.3727466,-37.065108,1650815554035909867,,-0.3455999999971482,0.35316000000875647
179,-1,-1,-37.0650099,0.0,0.0,0.0,0.0,0.0,0.0,0.0,0.0,0.0,0.0,0.0,0.0,7875119162,MS_9813_208,MS_9813_208_3,1,1,,59.3726506,0.31284,3,144760942985,59.3723451,-37.0651578,1650815554035911127,,1.0998000000114416,0.5324400000063179
180,-1,-1,-37.0650099,0.0,0.0,0.0,0.0,0.0,0.0,0.0,0.0,0.0,0.0,0.0,0.0,7875119162,MS_9813_208,MS_9813_208_3,1,1,,59.3726506,0.31284,3,144760942985,59.3726134,-37.0649354,1650815554035911105,-764.8523171,0.13392000000465032,-0.2681999999879281
181,-1,-1,-37.1260662,0.0,0.0,0.0,0.0,0.0,0.0,0.0,0.0,0.0,0.0,0.0,0.0,49517,hl_ms_49517,hl_ms_49517_3,1,1,,59.3669169,1.09049,3,144760733627,59.3666323,-37.1261024,1650331768919691436,,1.024560000001884,0.13032000001373945
182,-1,-1,-37.1260662,0.0,0.0,0.0,0.0,0.0,0.0,0.0,0.0,0.0,0.0,0.0,0.0,49517,hl_ms_49517,hl_ms_49517_3,1,1,,59.3669169,1.09049,3,144760733627,59.3666323,-37.1261024,1650815554035913738,,1.024560000001884,0.13032000001373945
183,-1,-1,-37.1699774,0.0,0.0,0.0,0.0,0.0,0.0,0.0,0.0,0.0,0.0,0.0,0.0,7876318968,MS_9813_2599,MS_9813_2599_3,1,1,,59.2504303,0.813214,3,144760744352,59.2503789,-37.1700078,1650331768919690070,,0.1850399999881347,0.10943999999994958
184,-1,-1,-37.1699774,0.0,0.0,0.0,0.0,0.0,0.0,0.0,0.0,0.0,0.0,0.0,0.0,7876318968,MS_9813_2599,MS_9813_2599_3,1,1,,59.2504303,0.813214,3,144760744352,59.2503789,-37.1700078,1567560533580712327,,0.1850399999881347,0.10943999999994958
185,-1,-1,-37.1928515,0.0,0.0,0.0,0.0,0.0,0.0,0.0,0.0,0.0,0.0,0.0,0.0,7876006703,MS_9813_1865,MS_9813_1865_3,1,1,,59.3370253,0.715635,3,144760714495,59.3370245,-37.1928552,1650331768919689889,754.2567491,0.002880000008076422,0.013319999976602048
186,-1,-1,-37.1928515,0.0,0.0,0.0,0.0,0.0,0.0,0.0,0.0,0.0,0.0,0.0,0.0,7876006703,MS_9813_1865,MS_9813_1865_3,1,1,,59.3370253,0.715635,3,144760714495,59.3370245,-37.1928552,1650815554035911855,754.2567491,0.002880000008076422,0.013319999976602048
187,-1,-1,-37.1928515,0.0,0.0,0.0,0.0,0.0,0.0,0.0,0.0,0.0,0.0,0.0,0.0,7876006703,MS_9813_1865,MS_9813_1865_3,1,1,,59.3370253,0.715635,3,144760714495,59.3370245,-37.1928552,1567551737487691394,754.2567491,0.002880000008076422,0.013319999976602048
188,-1,-1,-37.2386343,0.0,0.0,0.0,0.0,0.0,0.0,0.0,0.0,0.0,0.0,0.0,0.0,7875756734,MS_9813_1346,MS_9813_1346_3,1,1,,59.339834,0.631171,3,144760702384,59.339945,-37.2386646,1567551737487688530,1970.6089732,-0.399599999988709,0.10907999999574258
189,-1,-1,-37.2386343,0.0,0.0,0.0,0.0,0.0,0.0,0.0,0.0,0.0,0.0,0.0,0.0,7875756734,MS_9813_1346,MS_9813_1346_3,1,1,,59.339834,0.631171,3,144760702384,59.3399954,-37.2388415,1567551737487692594,,-0.5810399999859328,0.7459199999942712
190,-1,-1,-37.2187429,0.0,0.0,0.0,0.0,0.0,0.0,0.0,0.0,0.0,0.0,0.0,0.0,7875431116,MS_9813_894,MS_9813_894_3,1,1,,59.328512,0.520315,3,144760704981,59.3284983,-37.2187494,1650331768919689460,1932.6440734,0.04932000001360848,0.023399999992079756
191,-1,-1,-37.2187429,0.0,0.0,0.0,0.0,0.0,0.0,0.0,0.0,0.0,0.0,0.0,0.0,7875431116,MS_9813_894,MS_9813_894_3,1,1,,59.328512,0.520315,3,144760704981,59.3284983,-37.2187494,1650815554035911336,1932.6440734,0.04932000001360848,0.023399999992079756
192,-1,-1,-37.2187429,0.0,0.0,0.0,0.0,0.0,0.0,0.0,0.0,0.0,0.0,0.0,0.0,7875431116,MS_9813_894,MS_9813_894_3,1,1,,59.328512,0.520315,3,144760704981,59.3284983,-37.2187494,1567551737487690772,1932.6440734,0.04932000001360848,0.023399999992079756
193,-1,-1,-37.1661781,0.0,0.0,0.0,0.0,0.0,0.0,0.0,0.0,0.0,0.0,0.0,0.0,7875296068,MS_9813_693,MS_9813_693_3,1,1,,59.4962267,0.461112,3,144760542693,59.4962217,-37.1661722,1650815554035912106,3736.3330478,0.018000000005713446,-0.021240000017996863
194,-1,-1,-37.1661781,0.0,0.0,0.0,0.0,0.0,0.0,0.0,0.0,0.0,0.0,0.0,0.0,7875296068,MS_9813_693,MS_9813_693_3,1,1,,59.4962267,0.461112,3,144760542693,59.4962217,-37.1661722,1567551737487691668,3736.3330478,0.018000000005713446,-0.021240000017996863
195,-1,-1,-37.1815772,0.0,0.0,0.0,0.0,0.0,0.0,0.0,0.0,0.0,0.0,0.0,0.0,7875191578,MS_9813_402,MS_9813_402_3,1,1,,59.4081588,0.388553,3,144760372798,59.4081552,-37.181572,1650331768919687410,,0.012959999997974592,-0.018719999988547897
196,-1,-1,-37.1815772,0.0,0.0,0.0,0.0,0.0,0.0,0.0,0.0,0.0,0.0,0.0,0.0,7875191578,MS_9813_402,MS_9813_402_3,1,1,,59.4081588,0.388553,3,144760372798,59.4081552,-37.181572,1650815554035908849,,0.012959999997974592,-0.018719999988547897
197,-1,-1,-37.1815772,0.0,0.0,0.0,0.0,0.0,0.0,0.0,0.0,0.0,0.0,0.0,0.0,7875191578,MS_9813_402,MS_9813_402_3,1,1,,59.4081588,0.388553,3,144760372798,59.4081552,-37.181572,1567551737487687953,,0.012959999997974592,-0.018719999988547897
198,-1,-1,-37.0635471,0.0,0.0,0.0,0.0,0.0,0.0,0.0,0.0,0.0,0.0,0.0,0.0,7875115934,MS_9813_216,MS_9813_216_3,1,1,,59.4324205,0.31284,3,144760925798,59.4322822,-37.0633729,1650331768919691196,,0.4978799999861394,-0.6271200000128374
199,-1,-1,-37.0635471,0.0,0.0,0.0,0.0,0.0,0.0,0.0,0.0,0.0,0.0,0.0,0.0,7875115934,MS_9813_216,MS_9813_216_3,1,1,,59.4324205,0.31284,3,144760925798,59.4322822,-37.0633729,1650815554035913472,,0.4978799999861394,-0.6271200000128374
200,-1,-1,-37.1732757,0.0,0.0,0.0,0.0,0.0,0.0,0.0,0.0,0.0,0.0,0.0,0.0,7875248543,MS_9813_478,MS_9813_478_3,1,1,,59.4757222,0.402256,3,144760543493,59.4757234,-37.1732893,1650815554035912117,4816.8228507,-0.004319999999324864,0.04896000000940148
201,-1,-1,-37.1732757,0.0,0.0,0.0,0.0,0.0,0.0,0.0,0.0,0.0,0.0,0.0,0.0,7875248543,MS_9813_478,MS_9813_478_3,1,1,,59.4757222,0.402256,3,144760543493,59.4757234,-37.1732893,1567551737487691689,4816.8228507,-0.004319999999324864,0.04896000000940148
202,-1,-1,-36.4527608,0.0,0.0,0.0,0.0,0.0,0.0,0.0,0.0,0.0,0.0,0.0,0.0,7875300525,MS_9813_623,MS_9813_623_3,1,1,,59.3420345,0.440084,3,144768054356,59.342058,-36.4527468,1651000271989381025,3754.7235348,-0.08460000001662138,-0.050400000000649925
203,-1,-1,-36.4527608,0.0,0.0,0.0,0.0,0.0,0.0,0.0,0.0,0.0,0.0,0.0,0.0,7875300525,MS_9813_623,MS_9813_623_3,1,1,,59.3420345,0.440084,3,144768054356,59.342058,-36.4527468,1650516486873156838,3754.7235348,-0.08460000001662138,-0.050400000000649925
204,-1,-1,-36.3003809,0.0,0.0,0.0,0.0,0.0,0.0,0.0,0.0,0.0,0.0,0.0,0.0,7875294602,MS_9813_571,MS_9813_571_3,1,1,,59.3626156,0.448573,3,144768285559,59.3626258,-36.3003751,1651061844640532720,3069.645541,-0.03672000001984088,-0.020880000013789868
205,-1,-1,-36.3003809,0.0,0.0,0.0,0.0,0.0,0.0,0.0,0.0,0.0,0.0,0.0,0.0,7875294602,MS_9813_571,MS_9813_571_3,1,1,,59.3626156,0.448573,3,144768285559,59.3626258,-36.3003751,1650578059524310547,3069.645541,-0.03672000001984088,-0.020880000013789868
206,-1,-1,-36.435574,0.0,0.0,0.0,0.0,0.0,0.0,0.0,0.0,0.0,0.0,0.0,0.0,7875300526,MS_9813_544,MS_9813_544_3,1,1,,59.3462671,0.440084,3,144768066136,59.346267,-36.4355803,1651000271989381434,4259.5203035,0.00036000000420699507,0.022679999983665766
207,-1,-1,-36.435574,0.0,0.0,0.0,0.0,0.0,0.0,0.0,0.0,0.0,0.0,0.0,0.0,7875300526,MS_9813_544,MS_9813_544_3,1,1,,59.3462671,0.440084,3,144768066136,59.346267,-36.4355803,1650516486873157124,4259.5203035,0.00036000000420699507,0.022679999983665766
208,-1,-1,-36.3311544,0.0,0.0,0.0,0.0,0.0,0.0,0.0,0.0,0.0,0.0,0.0,0.0,6937616418,MS_9685_160,MS_9685_160_3,1,1,,59.9637941,0.3093,3,144773441194,59.9638354,-36.3309501,1651044252454488189,-1010.7133798,-0.14867999999808035,-0.735480000000166
209,-1,-1,-36.3311544,0.0,0.0,0.0,0.0,0.0,0.0,0.0,0.0,0.0,0.0,0.0,0.0,6937616418,MS_9685_160,MS_9685_160_3,1,1,,59.9637941,0.3093,3,144773441194,59.9637668,-36.3311335,1651044252454489225,5165.9092668,0.09827999999743042,-0.07524000000955766
210,-1,-1,-36.4716081,0.0,0.0,0.0,0.0,0.0,0.0,0.0,0.0,0.0,0.0,0.0,0.0,6937875514,MS_9685_700,MS_9685_700_3,1,1,,59.8749421,0.492725,3,144773354488,59.8751044,-36.4717381,1650991475896354445,-1287.1975166,-0.5842799999982162,0.4680000000206519
211,-1,-1,-36.4719714,0.0,0.0,0.0,0.0,0.0,0.0,0.0,0.0,0.0,0.0,0.0,0.0,6937875480,MS_9685_686,MS_9685_686_3,1,1,,59.8777774,0.492725,3,144773355138,59.8777812,-36.47197,1650991475896356312,2328.2455843,-0.013680000006388582,-0.005040000007738854
212,-1,-1,-36.2716335,0.0,0.0,0.0,0.0,0.0,0.0,0.0,0.0,0.0,0.0,0.0,0.0,6937874047,MS_9685_679,MS_9685_679_3,1,1,,59.736617,0.495911,3,144779046581,59.7365155,-36.2717636,1651053048547511409,,0.36539999999831707,0.46835999999927935
213,-1,-1,-36.2924392,0.0,0.0,0.0,0.0,0.0,0.0,0.0,0.0,0.0,0.0,0.0,0.0,6937804918,MS_9685_530,MS_9685_530_3,1,1,,59.8305944,0.443739,3,144779060013,59.8305912,-36.2924385,1651053048547511967,1961.1296993,0.01152000000672615,-0.0025199999782898885
214,-1,-1,-36.4573263,0.0,0.0,0.0,0.0,0.0,0.0,0.0,0.0,0.0,0.0,0.0,0.0,6939447636,MS_9685_3819,MS_9685_3819_3,1,1,,59.837677,0.939475,3,144773361092,59.8379203,-36.4573967,1650991475896355724,,-0.8758800000038036,0.25343999999449807
215,-1,-1,-36.3084187,0.0,0.0,0.0,0.0,0.0,0.0,0.0,0.0,0.0,0.0,0.0,0.0,6938491471,MS_9685_1934,MS_9685_1934_3,1,1,,59.7208852,0.71883,3,144779032913,59.7208884,-36.3084193,1651053048547511950,1157.0801922,-0.01152000000672615,0.002159999999662432
216,-1,-1,-36.4141902,0.0,0.0,0.0,0.0,0.0,0.0,0.0,0.0,0.0,0.0,0.0,0.0,6938805294,MS_9685_2762,MS_9685_2762_3,1,1,,59.9575255,0.810138,3,144773328434,59.9577147,-36.414206,1650982679803334343,,-0.6811199999788187,0.05687999999963722
217,-1,-1,-36.5201031,0.0,0.0,0.0,0.0,0.0,0.0,0.0,0.0,0.0,0.0,0.0,0.0,6938360836,MS_9685_1779,MS_9685_1779_3,1,1,,59.9443284,0.685005,3,144773234557,59.9443219,-36.5200994,1650982679803332892,955.1518892,0.023400000017659295,-0.013320000002181587
218,-1,-1,-36.2556337,0.0,0.0,0.0,0.0,0.0,0.0,0.0,0.0,0.0,0.0,0.0,0.0,6938494123,MS_9685_1923,MS_9685_1923_3,1,1,,59.9860367,0.706954,3,144773647467,59.9860451,-36.2556373,1651044252454487257,709.0815339,-0.030239999995274047,0.012959999997974592
219,-1,-1,-36.2611782,0.0,0.0,0.0,0.0,0.0,0.0,0.0,0.0,0.0,0.0,0.0,0.0,6937937114,MS_9685_878,MS_9685_878_3,1,1,,59.7081464,0.523403,3,144779135600,59.7081182,-36.2611598,1651053048547508277,,0.1015199999841343,-0.06624000000670094
220,-1,-1,-36.3330391,0.0,0.0,0.0,0.0,0.0,0.0,0.0,0.0,0.0,0.0,0.0,0.0,8985,hl_ms_8985,hl_ms_8985_3,1,1,,59.5314638,0.562544,3,144767952456,59.5314346,-36.3330139,1651000271989382601,,0.10512000000062471,-0.09072000001140168
221,-1,-1,-36.3071034,0.0,0.0,0.0,0.0,0.0,0.0,0.0,0.0,0.0,0.0,0.0,0.0,6938820190,MS_9685_2530,MS_9685_2530_3,1,1,,59.9091155,0.780637,3,144773461419,59.9091494,-36.307066,1651044252454486863,605.1189858,-0.12203999999371717,-0.1346400000130643
222,-1,-1,-36.3027841,0.0,0.0,0.0,0.0,0.0,0.0,0.0,0.0,0.0,0.0,0.0,0.0,6938820199,MS_9685_2534,MS_9685_2534_3,1,1,,59.9141113,0.780637,3,144773461501,59.9140951,-36.3027973,1651044252454488651,,0.0583200000164652,0.04752000001815304
223,-1,-1,-36.4040811,0.0,0.0,0.0,0.0,0.0,0.0,0.0,0.0,0.0,0.0,0.0,0.0,7876504609,MS_9813_2789,MS_9813_2789_3,1,1,,59.7038858,0.833674,3,144767810080,59.7037228,-36.4044903,1650991475896353675,-1174.2918255,0.5868000000020857,1.4731199999999944
224,-1,-1,-36.4040811,0.0,0.0,0.0,0.0,0.0,0.0,0.0,0.0,0.0,0.0,0.0,0.0,7876504609,MS_9813_2789,MS_9813_2789_3,1,1,,59.7038858,0.833674,3,144767810080,59.7039599,-36.4045078,1650991475896354706,1290.6477445,-0.26675999999667965,1.536119999994412
225,-1,-1,-36.4040811,0.0,0.0,0.0,0.0,0.0,0.0,0.0,0.0,0.0,0.0,0.0,0.0,7876504609,MS_9813_2789,MS_9813_2789_3,1,1,,59.7038858,0.833674,3,144767810080,59.70385,-36.4044302,1650991475896353111,497.3924908,0.12887999999691147,1.2567600000039647
226,-1,-1,-36.2628145,0.0,0.0,0.0,0.0,0.0,0.0,0.0,0.0,0.0,0.0,0.0,0.0,7876519974,MS_9813_2704,MS_9813_2704_3,1,1,,59.4330555,0.837845,3,144768300361,59.4330734,-36.2627994,1651061844640534422,,-0.06443999998566596,-0.054359999995767794
227,-1,-1,-36.2628145,0.0,0.0,0.0,0.0,0.0,0.0,0.0,0.0,0.0,0.0,0.0,0.0,7876519974,MS_9813_2704,MS_9813_2704_3,1,1,,59.4330555,0.837845,3,144768300361,59.4330734,-36.2627994,1650578059524311677,,-0.06443999998566596,-0.054359999995767794
228,-1,-1,-36.4380978,0.0,0.0,0.0,0.0,0.0,0.0,0.0,0.0,0.0,0.0,0.0,0.0,7876322601,MS_9813_2846,MS_9813_2846_3,1,1,,59.6207213,0.822327,3,144767814632,59.6206695,-36.438665,1650991475896353421,,0.18648000000496268,2.0419199999963666
229,-1,-1,-36.4314528,0.0,0.0,0.0,0.0,0.0,0.0,0.0,0.0,0.0,0.0,0.0,0.0,7876503226,MS_9813_2970,MS_9813_2970_3,1,1,,59.4653675,0.843142,3,144767880669,59.4653213,-36.431429,1651000271989378280,,0.1663199999995868,-0.08568000000366283
230,-1,-1,-36.3234642,0.0,0.0,0.0,0.0,0.0,0.0,0.0,0.0,0.0,0.0,0.0,0.0,7875436420,MS_9813_876,MS_9813_876_3,1,1,,59.5499055,0.534009,3,144767955232,59.5499064,-36.3234618,1651061844640532849,1630.8915632,-0.0032399999867038787,-0.008639999998649728
231,-1,-1,-36.3221551,0.0,0.0,0.0,0.0,0.0,0.0,0.0,0.0,0.0,0.0,0.0,0.0,7875515493,MS_9813_901,MS_9813_901_3,1,1,,59.6253112,0.539092,3,144767936469,59.625331,-36.322159,1651053048547510931,1444.5892718,-0.07128000001443979,0.014039999985016038
232,-1,-1,-36.3758546,0.0,0.0,0.0,0.0,0.0,0.0,0.0,0.0,0.0,0.0,0.0,0.0,7875367756,MS_9813_743,MS_9813_743_3,1,1,,59.4272845,0.489614,3,144768244153,59.427296,-36.3758417,1651000271989381118,1631.8882944,-0.0413999999977932,-0.04643999997995252
233,-1,-1,-36.3758546,0.0,0.0,0.0,0.0,0.0,0.0,0.0,0.0,0.0,0.0,0.0,0.0,7875367756,MS_9813_743,MS_9813_743_3,1,1,,59.4272845,0.489614,3,144768244153,59.427296,-36.3758417,1650516486873156889,1631.8882944,-0.0413999999977932,-0.04643999997995252
234,-1,-1,-36.4159821,0.0,0.0,0.0,0.0,0.0,0.0,0.0,0.0,0.0,0.0,0.0,0.0,7875523107,MS_9813_1015,MS_9813_1015_3,1,1,,59.4697178,0.54963,3,144767884231,59.4697151,-36.4159731,1651000271989380003,2299.8097766,0.009719999985691175,-0.03239999999493648
235,-1,-1,-36.4159821,0.0,0.0,0.0,0.0,0.0,0.0,0.0,0.0,0.0,0.0,0.0,0.0,7875523107,MS_9813_1015,MS_9813_1015_3,1,1,,59.4697178,0.54963,3,144767884231,59.4698451,-36.4160746,1651000271989380349,1123.2701679,-0.4582800000093812,0.3330000000033806
236,-1,-1,-36.5155657,0.0,0.0,0.0,0.0,0.0,0.0,0.0,0.0,0.0,0.0,0.0,0.0,7875635477,MS_9813_1244,MS_9813_1244_3,1,1,,59.6071161,0.607443,3,144767740270,59.6071021,-36.5155813,1651000271989379674,1957.0833812,0.050400000000649925,0.05615999999122323
237,-1,-1,-36.5063605,0.0,0.0,0.0,0.0,0.0,0.0,0.0,0.0,0.0,0.0,0.0,0.0,7876152284,MS_9813_2135,MS_9813_2135_3,1,1,,59.6328319,0.754917,3,144767742202,59.6328466,-36.5063716,1650991475896356213,,-0.05292000000451935,0.03996000000654476
238,-1,-1,-36.4893392,0.0,0.0,0.0,0.0,0.0,0.0,0.0,0.0,0.0,0.0,0.0,0.0,7876147003,MS_9813_2205,MS_9813_2205_3,1,1,,59.6131263,0.75343,3,144767766559,59.6131068,-36.4893426,1651000271989375656,811.6823344,0.07020000000181881,0.012239999989560602
239,-1,-1,-36.4929432,0.0,0.0,0.0,0.0,0.0,0.0,0.0,0.0,0.0,0.0,0.0,0.0,7875044172,MS_9813_67,MS_9813_67_3,1,1,,59.4384636,0.222209,3,144767679141,59.438423,-36.4929258,1651000271989376880,12604.557157,0.14615999999421092,-0.06263999999021053
240,-1,-1,-36.4929432,0.0,0.0,0.0,0.0,0.0,0.0,0.0,0.0,0.0,0.0,0.0,0.0,7875044172,MS_9813_67,MS_9813_67_3,1,1,,59.4384636,0.222209,3,144767679141,59.4384931,-36.4931515,1651000271989380127,,-0.1062000000132457,0.7498800000149686
241,-1,-1,-36.4929432,0.0,0.0,0.0,0.0,0.0,0.0,0.0,0.0,0.0,0.0,0.0,0.0,7875044172,MS_9813_67,MS_9813_67_3,1,1,,59.4384636,0.222209,3,144767679141,59.4382394,-36.49312,1651000271989380377,-1326.6626611,0.8071199999932333,0.6364799999943216
242,-1,-1,-36.4929432,0.0,0.0,0.0,0.0,0.0,0.0,0.0,0.0,0.0,0.0,0.0,0.0,7875044172,MS_9813_67,MS_9813_67_3,1,1,,59.4384636,0.222209,3,144767679141,59.4382394,-36.49312,1650516486873156509,-1326.6626611,0.8071199999932333,0.6364799999943216
243,-1,-1,-36.4929432,0.0,0.0,0.0,0.0,0.0,0.0,0.0,0.0,0.0,0.0,0.0,0.0,7875044172,MS_9813_67,MS_9813_67_3,1,1,,59.4384636,0.222209,3,144767679141,59.4384931,-36.4931515,1650516486873156397,,-0.1062000000132457,0.7498800000149686
244,-1,-1,-36.4929432,0.0,0.0,0.0,0.0,0.0,0.0,0.0,0.0,0.0,0.0,0.0,0.0,7875044172,MS_9813_67,MS_9813_67_3,1,1,,59.4384636,0.222209,3,144767679141,59.438423,-36.4929258,1650516486873154650,12604.557157,0.14615999999421092,-0.06263999999021053
245,-1,-1,-36.5186181,0.0,0.0,0.0,0.0,0.0,0.0,0.0,0.0,0.0,0.0,0.0,0.0,7875112441,MS_9813_189,MS_9813_189_3,1,1,,59.7809576,0.308795,3,144762169645,59.7809593,-36.5186282,1650991475896354552,5915.5338957,-0.006119999994780301,0.036360000015633887
246,-1,-1,-36.5186181,0.0,0.0,0.0,0.0,0.0,0.0,0.0,0.0,0.0,0.0,0.0,0.0,7875112441,MS_9813_189,MS_9813_189_3,1,1,,59.7809576,0.308795,3,144762169645,59.7807869,-36.5185795,1650991475896354456,-967.8502868,0.6145199999934903,-0.13895999998680963
247,-1,-1,-36.4346616,0.0,0.0,0.0,0.0,0.0,0.0,0.0,0.0,0.0,0.0,0.0,0.0,7875188437,MS_9813_426,MS_9813_426_3,1,1,,59.5288745,0.401028,3,144767869335,59.5288743,-36.4346688,1651000271989376900,4352.6721994,0.0007200000084139901,0.025919999995949183
248,-1,-1,-36.5184597,0.0,0.0,0.0,0.0,0.0,0.0,0.0,0.0,0.0,0.0,0.0,0.0,7875083175,MS_9813_182,MS_9813_182_3,1,1,,59.5682928,0.296502,3,144767751153,59.5680902,-36.5185587,1651000271989378848,,0.7293600000053857,0.35639999999546035
249,-1,-1,-36.5184597,0.0,0.0,0.0,0.0,0.0,0.0,0.0,0.0,0.0,0.0,0.0,0.0,7875083175,MS_9813_182,MS_9813_182_3,1,1,,59.5682928,0.296502,3,144767751153,59.5682871,-36.5184812,1651000271989378028,,0.020520000009582873,0.07739999998364056
250,-1,-1,-36.5198368,0.0,0.0,0.0,0.0,0.0,0.0,0.0,0.0,0.0,0.0,0.0,0.0,7875629080,MS_9813_1299,MS_9813_1299_3,1,1,,59.5965026,0.612014,3,144767740434,59.5964816,-36.5198452,1651000271989377849,,0.07560000001376466,0.030239999995274047
251,-1,-1,-36.4830426,0.0,0.0,0.0,0.0,0.0,0.0,0.0,0.0,0.0,0.0,0.0,0.0,7875740678,MS_9813_1549,MS_9813_1549_3,1,1,,59.3967556,0.649329,3,144767705402,59.3967502,-36.4830222,1651000271989379098,1651.2038436,0.019439999996961888,-0.07343999998852269
252,-1,-1,-36.4830426,0.0,0.0,0.0,0.0,0.0,0.0,0.0,0.0,0.0,0.0,0.0,0.0,7875740678,MS_9813_1549,MS_9813_1549_3,1,1,,59.3967556,0.649329,3,144767705402,59.3967502,-36.4830222,1650516486873155882,1651.2038436,0.019439999996961888,-0.07343999998852269
253,-1,-1,-36.3779317,0.0,0.0,0.0,0.0,0.0,0.0,0.0,0.0,0.0,0.0,0.0,0.0,7875735921,MS_9813_1457,MS_9813_1457_3,1,1,,59.5104466,0.650605,3,144767900237,59.5104299,-36.3777399,1651000271989378560,,0.06012000001192064,-0.6904799999858824
254,-1,-1,-36.4394237,0.0,0.0,0.0,0.0,0.0,0.0,0.0,0.0,0.0,0.0,0.0,0.0,21688,hl_ms_21688,hl_ms_21688_3,1,1,,59.4664655,0.79832,3,144767879094,59.466469,-36.4394192,1651000271989375801,1428.1236222,-0.012599999993767597,-0.01619999998467847
255,-1,-1,-36.6171514,0.0,0.0,0.0,0.0,0.0,0.0,0.0,0.0,0.0,0.0,0.0,0.0,6939449981,MS_9685_4153,MS_9685_4153_3,1,1,,60.0575365,0.951318,3,144772850142,60.0575325,-36.6171494,1650921107152175930,-5215.0467882,0.014399999989223033,-0.0071999999818217475
256,-1,-1,-36.6875562,0.0,0.0,0.0,0.0,0.0,0.0,0.0,0.0,0.0,0.0,0.0,0.0,57622,hl_ms_57622,hl_ms_57622_3,1,1,,59.9530624,1.16686,3,144761668635,59.9529343,-36.6873924,1650921107152181142,,0.46115999999187807,-0.5896800000101621
257,-1,-1,-36.6875562,0.0,0.0,0.0,0.0,0.0,0.0,0.0,0.0,0.0,0.0,0.0,0.0,57622,hl_ms_57622,hl_ms_57622_3,1,1,,59.9530624,1.16686,3,144761668635,59.953252,-36.6872017,1650921107152178716,,-0.6825599999956466,-1.2762000000009266
258,-1,-1,-36.5348004,0.0,0.0,0.0,0.0,0.0,0.0,0.0,0.0,0.0,0.0,0.0,0.0,6938360162,MS_9685_1659,MS_9685_1659_3,1,1,,60.0822675,0.669767,3,144772925319,60.0822099,-36.534792,1650982679803333389,1261.9911268,0.207359999993173,-0.030239999995274047
259,-1,-1,-36.5757382,0.0,0.0,0.0,0.0,0.0,0.0,0.0,0.0,0.0,0.0,0.0,0.0,6937582509,MS_9685_127,MS_9685_127_3,1,1,,59.9293062,0.296373,3,144773221370,59.9293121,-36.5757428,1650921107152181462,3172.7057256,-0.021239999992417324,0.016559999988885465
260,-1,-1,-36.9045579,0.0,0.0,0.0,0.0,0.0,0.0,0.0,0.0,0.0,0.0,0.0,0.0,7875867145,MS_9813_1749,MS_9813_1749_3,1,1,,59.9393897,0.686116,3,144761437365,59.9393936,-36.9045443,1650859534501023887,1572.3967006,-0.014040000010595577,-0.04896000000940148
261,-1,-1,-36.5855681,0.0,0.0,0.0,0.0,0.0,0.0,0.0,0.0,0.0,0.0,0.0,0.0,7875368641,MS_9813_757,MS_9813_757_3,1,1,,59.8486956,0.49043,3,144762063211,59.8486897,-36.5855595,1650929903245202680,1870.3973094,0.021239999992417324,-0.030960000003688037
262,-1,-1,-36.5618553,0.0,0.0,0.0,0.0,0.0,0.0,0.0,0.0,0.0,0.0,0.0,0.0,7875367321,MS_9813_645,MS_9813_645_3,1,1,,59.8483584,0.477181,3,144762070465,59.8483465,-36.5618658,1650929903245197700,2287.8517348,0.04284000001462118,0.03780000000688233
263,-1,-1,-37.0506107,0.0,0.0,0.0,0.0,0.0,0.0,0.0,0.0,0.0,0.0,0.0,0.0,7875365097,MS_9813_750,MS_9813_750_3,1,1,,59.869582,0.482857,3,144761226697,59.8696049,-37.0505994,1650806757942887768,1929.5160527,-0.08243999999137941,-0.04067999998937921
264,-1,-1,-36.7803149,0.0,0.0,0.0,0.0,0.0,0.0,0.0,0.0,0.0,0.0,0.0,0.0,7875062506,MS_9813_106,MS_9813_106_3,1,1,,59.9526205,0.250421,3,144761619504,59.9523428,-36.7804569,1650859534501022253,,0.9997200000185558,0.511199999988321
265,-1,-1,-36.7803149,0.0,0.0,0.0,0.0,0.0,0.0,0.0,0.0,0.0,0.0,0.0,0.0,7875062506,MS_9813_106,MS_9813_106_3,1,1,,59.9526205,0.250421,3,144761619504,59.9526369,-36.7803214,1650859534501020169,8990.5058246,-0.05903999999929965,0.023399999992079756
266,-1,-1,-36.8637367,0.0,0.0,0.0,0.0,0.0,0.0,0.0,0.0,0.0,0.0,0.0,0.0,7875630070,MS_9813_1152,MS_9813_1152_3,1,1,,60.1471872,0.594369,3,144760076921,60.1471251,-36.8639805,1650859534501020435,513.7617867,0.22356000000343101,0.877679999999259
267,-1,-1,-36.7503383,0.0,0.0,0.0,0.0,0.0,0.0,0.0,0.0,0.0,0.0,0.0,0.0,7875630347,MS_9813_1144,MS_9813_1144_3,1,1,,60.0340152,0.594979,3,144761543224,60.0340166,-36.7503553,1650921107152181657,,-0.005040000007738854,0.061199999998962085
268,-1,-1,-36.9560676,0.0,0.0,0.0,0.0,0.0,0.0,0.0,0.0,0.0,0.0,0.0,0.0,7875370189,MS_9813_714,MS_9813_714_3,1,1,,60.154454,0.483998,3,144759962083,60.1544373,-36.956054,1650859534501022821,3079.5104436,0.06012000001192064,-0.048959999983821945
269,-1,-1,-37.0259111,0.0,0.0,0.0,0.0,0.0,0.0,0.0,0.0,0.0,0.0,0.0,0.0,7875620315,MS_9813_1133,MS_9813_1133_3,1,1,,59.8591712,0.594763,3,144761232079,59.8591466,-37.0258986,1650806757942886882,1389.773527,0.08855999998615971,-0.045000000014283614
270,-1,-1,-36.7890548,0.0,0.0,0.0,0.0,0.0,0.0,0.0,0.0,0.0,0.0,0.0,0.0,7875427840,MS_9813_802,MS_9813_802_3,1,1,,59.844543,0.51527,3,144761591655,59.8445629,-36.7890777,1650868330594042820,,-0.07163999999306725,0.08243999999137941
271,-1,-1,-36.82386,0.0,0.0,0.0,0.0,0.0,0.0,0.0,0.0,0.0,0.0,0.0,0.0,7875528939,MS_9813_1117,MS_9813_1117_3,1,1,,60.0995183,0.563753,3,144760106845,60.0995953,-36.8237718,1650859534501022833,1336.9136021,-0.2771999999907848,-0.3175200000015366
272,-1,-1,-36.82386,0.0,0.0,0.0,0.0,0.0,0.0,0.0,0.0,0.0,0.0,0.0,0.0,7875528939,MS_9813_1117,MS_9813_1117_3,1,1,,60.0995183,0.563753,3,144760106845,60.099457,-36.8238415,1650859534501022843,1949.2973587,0.2206799999953546,-0.06660000001090793
273,-1,-1,-36.7677358,0.0,0.0,0.0,0.0,0.0,0.0,0.0,0.0,0.0,0.0,0.0,0.0,7875531833,MS_9813_1099,MS_9813_1099_3,1,1,,60.071126,0.563846,3,144761519238,60.0711061,-36.7677336,1650921107152179773,968.4879714,0.07163999999306725,-0.007919999990235738
274,-1,-1,-36.9155839,0.0,0.0,0.0,0.0,0.0,0.0,0.0,0.0,0.0,0.0,0.0,0.0,7876327061,MS_9813_2814,MS_9813_2814_3,1,1,,59.8572734,0.820131,3,144761288226,59.8572556,-36.9155936,1650868330594044605,1310.4099314,0.06407999998145897,0.034919999998805906
275,-1,-1,-36.6673836,0.0,0.0,0.0,0.0,0.0,0.0,0.0,0.0,0.0,0.0,0.0,0.0,7876004279,MS_9813_1895,MS_9813_1895_3,1,1,,59.904635,0.704451,3,144761666918,59.9045406,-36.667143,1650921107152177960,,0.3398400000065749,-0.8661599999925329
276,-1,-1,-36.9347935,0.0,0.0,0.0,0.0,0.0,0.0,0.0,0.0,0.0,0.0,0.0,0.0,7875996618,MS_9813_2023,MS_9813_2023_3,1,1,,59.9082137,0.72792,3,144761432832,59.9082013,-36.9348066,1650859534501024237,963.0351756,0.04463999998449708,0.047160000013946046
277,-1,-1,-36.6527907,0.0,0.0,0.0,0.0,0.0,0.0,0.0,0.0,0.0,0.0,0.0,0.0,7875622686,MS_9813_1252,MS_9813_1252_3,1,1,,59.9532958,0.605257,3,144761674521,59.9532828,-36.6527855,1650921107152176863,,0.04680000000973905,-0.018719999988547897
278,-1,-1,-36.9532794,0.0,0.0,0.0,0.0,0.0,0.0,0.0,0.0,0.0,0.0,0.0,0.0,7875868879,MS_9813_1595,MS_9813_1595_3,1,1,,59.9758714,0.66069,3,144760028003,59.9758556,-36.9532768,1650859534501022752,1409.1320549,0.05687999999963722,-0.009360000007063718
279,-1,-1,-37.0024425,0.0,0.0,0.0,0.0,0.0,0.0,0.0,0.0,0.0,0.0,0.0,0.0,7875864683,MS_9813_1567,MS_9813_1567_3,1,1,,59.8276241,0.668545,3,144761259478,59.8276398,-37.002488,1650806757942886883,980.7361315,-0.056519999995430226,0.16379999999571737
280,-1,-1,-36.6956558,0.0,0.0,0.0,0.0,0.0,0.0,0.0,0.0,0.0,0.0,0.0,0.0,7875874437,MS_9813_1615,MS_9813_1615_3,1,1,,59.9274258,0.66779,3,144761657266,59.9274295,-36.6956637,1650921107152177404,1111.4825401,-0.013320000002181587,0.02843999999981861
281,-1,-1,-36.8330238,0.0,0.0,0.0,0.0,0.0,0.0,0.0,0.0,0.0,0.0,0.0,0.0,7875624484,MS_9813_1294,MS_9813_1294_3,1,1,,60.0065928,0.610887,3,144761498855,60.0066139,-36.8330282,1650859534501023049,,-0.07595999999239211,0.015840000006051014
282,-1,-1,-36.8549853,0.0,0.0,0.0,0.0,0.0,0.0,0.0,0.0,0.0,0.0,0.0,0.0,7875745649,MS_9813_1236,MS_9813_1236_3,1,1,,59.7902338,0.619633,3,144761409929,59.7902329,-36.8550438,1650868330594043908,921.3101577,0.003240000012283417,0.21059999997987688
283,-1,-1,-36.749548,0.0,0.0,0.0,0.0,0.0,0.0,0.0,0.0,0.0,0.0,0.0,0.0,7875001821,MS_9813_2,MS_9813_2_3,1,1,,59.8746013,0.0798544,3,144761608529,59.8746006,-36.7495527,1650929903245197331,58653.1721755,0.002520000003869427,0.016920000018672
284,-1,-1,-36.749548,0.0,0.0,0.0,0.0,0.0,0.0,0.0,0.0,0.0,0.0,0.0,0.0,7875001821,MS_9813_2,MS_9813_2_3,1,1,,59.8746013,0.0798544,3,144761608529,59.8745224,-36.7492738,1650929903245199562,,0.28404000001955865,-0.9871199999992086
285,-1,-1,-36.749548,0.0,0.0,0.0,0.0,0.0,0.0,0.0,0.0,0.0,0.0,0.0,0.0,7875001821,MS_9813_2,MS_9813_2_3,1,1,,59.8746013,0.0798544,3,144761608529,59.8746087,-36.7495686,1650929903245203007,,-0.026640000004363174,0.07416000002251621
286,-1,-1,-36.749548,0.0,0.0,0.0,0.0,0.0,0.0,0.0,0.0,0.0,0.0,0.0,0.0,7875001821,MS_9813_2,MS_9813_2_3,1,1,,59.8746013,0.0798544,3,144761608529,59.8744481,-36.7496622,1650929903245200813,,0.5515199999990728,0.4111200000210147
287,-1,-1,-36.7732773,0.0,0.0,0.0,0.0,0.0,0.0,0.0,0.0,0.0,0.0,0.0,0.0,7875062505,MS_9813_126,MS_9813_126_3,1,1,,59.9482021,0.250421,3,144761620064,59.9483664,-36.7731019,1650921107152179505,,-0.591479999980038,-0.6314399999865827
288,-1,-1,-36.7732773,0.0,0.0,0.0,0.0,0.0,0.0,0.0,0.0,0.0,0.0,0.0,0.0,7875062505,MS_9813_126,MS_9813_126_3,1,1,,59.9482021,0.250421,3,144761620064,59.9482919,-36.7732608,1650921107152178189,284.0637749,-0.3232799999921099,-0.05939999997792711
289,-1,-1,-36.5659736,0.0,0.0,0.0,0.0,0.0,0.0,0.0,0.0,0.0,0.0,0.0,0.0,7876309085,MS_9813_2595,MS_9813_2595_3,1,1,,59.811713,0.819373,3,144762060756,59.8117061,-36.5659324,1650929903245200899,,0.024839999983328198,-0.14831999999387335
290,-1,-1,-36.8080328,0.0,0.0,0.0,0.0,0.0,0.0,0.0,0.0,0.0,0.0,0.0,0.0,7876310839,MS_9813_2558,MS_9813_2558_3,1,1,,59.8448133,0.800666,3,144761568907,59.8447819,-36.8080189,1650868330594045990,,0.11303999999086045,-0.05003999999644293
291,-1,-1,-36.7714738,0.0,0.0,0.0,0.0,0.0,0.0,0.0,0.0,0.0,0.0,0.0,0.0,7876315256,MS_9813_2504,MS_9813_2504_3,1,1,,59.800115,0.798532,3,144761600429,59.8001181,-36.7713952,1650929903245199136,,-0.011160000002519155,-0.28296000000693766
292,-1,-1,-36.7536889,0.0,0.0,0.0,0.0,0.0,0.0,0.0,0.0,0.0,0.0,0.0,0.0,7876143356,MS_9813_2121,MS_9813_2121_3,1,1,,59.9371724,0.749016,3,144761622447,59.9371487,-36.7536875,1650921107152175891,871.6446726,0.08531999999945583,-0.005040000007738854
293,-1,-1,-36.7197678,0.0,0.0,0.0,0.0,0.0,0.0,0.0,0.0,0.0,0.0,0.0,0.0,7876933143,MS_9813_3457,MS_9813_3457_3,1,1,,59.9560432,0.917729,3,144761632601,59.9560399,-36.7197629,1650921107152178943,,0.011880000010933145,-0.01764000000150645
294,-1,-1,-36.9160874,0.0,0.0,0.0,0.0,0.0,0.0,0.0,0.0,0.0,0.0,0.0,0.0,7876514463,MS_9813_2897,MS_9813_2897_3,1,1,,59.8883256,0.84531,3,144761456762,59.8882892,-36.9161681,1650859534501021136,598.6354549,0.1310399999965739,0.2905199999929664
295,-1,-1,-36.7939442,0.0,0.0,0.0,0.0,0.0,0.0,0.0,0.0,0.0,0.0,0.0,0.0,7876509091,MS_9813_2866,MS_9813_2866_3,1,1,,59.7989782,0.838724,3,144761595654,59.7987134,-36.7938782,1650868330594049187,-1666.4895572,0.9532800000130237,-0.23759999998844705
296,-1,-1,-36.8962805,0.0,0.0,0.0,0.0,0.0,0.0,0.0,0.0,0.0,0.0,0.0,0.0,7876493045,MS_9813_3023,MS_9813_3023_3,1,1,,59.9276894,0.84507,3,144761459843,59.9277822,-36.8962866,1650859534501023507,,-0.3340800000160016,0.021960000000831315
297,-1,-1,-36.7027028,0.0,0.0,0.0,0.0,0.0,0.0,0.0,0.0,0.0,0.0,0.0,0.0,6937943870,MS_9685_762,MS_9685_762_3,1,1,,60.0585459,0.512441,3,144772736609,60.0585479,-36.7026899,1650921107152178269,1514.4111443,-0.007200000007401286,-0.04643999997995252
298,-1,-1,-36.6329413,0.0,0.0,0.0,0.0,0.0,0.0,0.0,0.0,0.0,0.0,0.0,0.0,6937804157,MS_9685_564,MS_9685_564_3,1,1,,60.1378639,0.445289,3,144772756819,60.137856,-36.6329516,1650921107152179413,3126.1320375,0.02843999999981861,0.03707999999846834
299,-1,-1,-36.5331001,0.0,0.0,0.0,0.0,0.0,0.0,0.0,0.0,0.0,0.0,0.0,0.0,6938253651,MS_9685_1364,MS_9685_1364_3,1,1,,60.0908582,0.621716,3,144772927662,60.0906991,-36.5330689,1650982679803334464,,0.5727599999914901,-0.11231999998244646
300,-1,-1,-36.5331001,0.0,0.0,0.0,0.0,0.0,0.0,0.0,0.0,0.0,0.0,0.0,0.0,6938253651,MS_9685_1364,MS_9685_1364_3,1,1,,60.0908582,0.621716,3,144772927662,60.0908661,-36.5331174,1650982679803335122,1087.2554466,-0.02843999999981861,0.06228000001158307
301,-1,-1,-36.6282061,0.0,0.0,0.0,0.0,0.0,0.0,0.0,0.0,0.0,0.0,0.0,0.0,6938261123,MS_9685_1445,MS_9685_1445_3,1,1,,60.0700331,0.625879,3,144772844681,60.0700362,-36.6282006,1650921107152177694,1507.4666311,-0.011159999976939616,-0.019800000001168883
302,-1,-1,-36.5608519,0.0,0.0,0.0,0.0,0.0,0.0,0.0,0.0,0.0,0.0,0.0,0.0,6937871722,MS_9685_678,MS_9685_678_3,1,1,,60.0438695,0.49841,3,144772880823,60.0438714,-36.560852,1650921107152180110,1691.4589388,-0.006840000003194291,0.0003599999786274566
303,-1,-1,-36.5691432,0.0,0.0,0.0,0.0,0.0,0.0,0.0,0.0,0.0,0.0,0.0,0.0,6937650632,MS_9685_254,MS_9685_254_3,1,1,,60.1272123,0.357825,3,144772896913,60.1271941,-36.5691538,1650921107152177613,3858.8173175,0.06551999999828695,0.03816000001108932
304,-1,-1,-36.5691432,0.0,0.0,0.0,0.0,0.0,0.0,0.0,0.0,0.0,0.0,0.0,0.0,6937650632,MS_9685_254,MS_9685_254_3,1,1,,60.1272123,0.357825,3,144772896913,60.127338,-36.5692058,1650921107152178511,1211.3557179,-0.4525200000188079,0.22535999999888645
305,-1,-1,-36.6320757,0.0,0.0,0.0,0.0,0.0,0.0,0.0,0.0,0.0,0.0,0.0,0.0,6937692951,MS_9685_271,MS_9685_271_3,1,1,,59.9902337,0.378347,3,144772859543,59.990238,-36.6320762,1650921107152175366,5775.8836087,-0.015480000001844019,0.0017999999954554369
306,-1,-1,-36.6320757,0.0,0.0,0.0,0.0,0.0,0.0,0.0,0.0,0.0,0.0,0.0,0.0,6937692951,MS_9685_271,MS_9685_271_3,1,1,,59.9902337,0.378347,3,144772859543,59.9901881,-36.6320781,1650921107152178407,-811.6056502,0.16415999999992437,0.008639999998649728
307,-1,-1,-36.5725496,0.0,0.0,0.0,0.0,0.0,0.0,0.0,0.0,0.0,0.0,0.0,0.0,6937691007,MS_9685_295,MS_9685_295_3,1,1,,59.9385942,0.379373,3,144773222012,59.9385848,-36.5725432,1650921107152179942,4623.0316655,0.03383999998618492,-0.0230400000134523
308,-1,-1,-36.2576612,0.0,0.0,0.0,0.0,0.0,0.0,0.0,0.0,0.0,0.0,0.0,0.0,6937806953,MS_9685_558,MS_9685_558_3,1,1,,60.1524358,0.447939,3,144773581634,60.1525593,-36.2576357,1651044252454489279,-1256.4596197,-0.4446000000029926,-0.09179999999844313
309,-1,-1,-36.2622293,0.0,0.0,0.0,0.0,0.0,0.0,0.0,0.0,0.0,0.0,0.0,0.0,6938364152,MS_9685_1641,MS_9685_1641_3,1,1,,60.1167,0.666171,3,144773542910,60.1167083,-36.2622414,1651044252454486516,1081.1737919,-0.029879999991067052,0.043559999997455634
310,-1,-1,-36.3536148,0.0,0.0,0.0,0.0,0.0,0.0,0.0,0.0,0.0,0.0,0.0,0.0,6938356049,MS_9685_1607,MS_9685_1607_3,1,1,,60.0327692,0.662967,3,144773346971,60.0327867,-36.35364,1650982679803331919,,-0.06300000001999706,0.09071999998582214
311,-1,-1,-36.5184939,0.0,0.0,0.0,0.0,0.0,0.0,0.0,0.0,0.0,0.0,0.0,0.0,6938239436,MS_9685_1466,MS_9685_1466_3,1,1,,60.1556975,0.62074,3,144772916529,60.155699,-36.5184875,1650982679803331320,2574.9085223,-0.005399999986366311,-0.0230400000134523
312,-1,-1,-36.4528349,0.0,0.0,0.0,0.0,0.0,0.0,0.0,0.0,0.0,0.0,0.0,0.0,6937880115,MS_9685_685,MS_9685_685_3,1,1,,60.0579371,0.491512,3,144773302435,60.0579374,-36.4528345,1650982679803332976,2457.966472,-0.0010800000126209852,-0.0014399999912484418
313,-1,-1,-36.4567516,0.0,0.0,0.0,0.0,0.0,0.0,0.0,0.0,0.0,0.0,0.0,0.0,6938479552,MS_9685_1979,MS_9685_1979_3,1,1,,60.0773543,0.709096,3,144773300704,60.0773808,-36.4567577,1650982679803332333,739.4311533,-0.095399999989354,0.021960000000831315
314,-1,-1,-36.5022249,0.0,0.0,0.0,0.0,0.0,0.0,0.0,0.0,0.0,0.0,0.0,0.0,6938646302,MS_9685_2221,MS_9685_2221_3,1,1,,60.1356894,0.755983,3,144772918996,60.1356378,-36.5024245,1650982679803330743,-677.6360695,0.18575999999654869,0.718559999981494
315,-1,-1,-36.5129711,0.0,0.0,0.0,0.0,0.0,0.0,0.0,0.0,0.0,0.0,0.0,0.0,6939206667,MS_9685_3404,MS_9685_3404_3,1,1,,60.0037097,0.888,3,144773241303,60.0037099,-36.5129575,1650982679803332907,704.8630044,-0.0007199999828344517,-0.04896000000940148
316,-1,-1,-36.4857043,0.0,0.0,0.0,0.0,0.0,0.0,0.0,0.0,0.0,0.0,0.0,0.0,6938495116,MS_9685_2022,MS_9685_2022_3,1,1,,60.1304425,0.700986,3,144772941689,60.1305625,-36.4855496,1650982679803331157,,-0.432000000009225,-0.5569200000110186
317,-1,-1,-36.3428546,0.0,0.0,0.0,0.0,0.0,0.0,0.0,0.0,0.0,0.0,0.0,0.0,6938488679,MS_9685_1937,MS_9685_1937_3,1,1,,60.0862687,0.707947,3,144773517988,60.0862184,-36.3428649,1650982679803331848,784.2754163,0.18107999999301683,0.03707999999846834
318,-1,-1,-36.4004966,0.0,0.0,0.0,0.0,0.0,0.0,0.0,0.0,0.0,0.0,0.0,0.0,6939643005,MS_9685_4251,MS_9685_4251_3,1,1,,60.003794,0.978234,3,144773330278,60.0033345,-36.4003365,1650982679803331082,563.5496145,1.6541999999930113,-0.576359999982401
319,-1,-1,-36.4787401,0.0,0.0,0.0,0.0,0.0,0.0,0.0,0.0,0.0,0.0,0.0,0.0,6939671510,MS_9685_4196,MS_9685_4196_3,1,1,,60.1492213,0.978438,3,144772944934,60.1491149,-36.4787845,1650982679803332990,,0.3830399999998235,0.1598400000005995
320,-1,-1,-36.4787401,0.0,0.0,0.0,0.0,0.0,0.0,0.0,0.0,0.0,0.0,0.0,0.0,6939671510,MS_9685_4196,MS_9685_4196_3,1,1,,60.1492213,0.978438,3,144772944934,60.1491984,-36.4783706,1650982679803333006,,0.08243999999137941,-1.330200000018067
321,-1,-1,-36.3312978,0.0,0.0,0.0,0.0,0.0,0.0,0.0,0.0,0.0,0.0,0.0,0.0,6230,hl_ms_6230,hl_ms_6230_3,1,1,,59.1959196,0.485184,3,144768211619,59.1959129,-36.3312944,1650578059524309975,1984.7997391,0.024120000000493746,-0.01224000001514014
322,-1,-1,-36.4117251,0.0,0.0,0.0,0.0,0.0,0.0,0.0,0.0,0.0,0.0,0.0,0.0,7875631116,MS_9813_1214,MS_9813_1214_3,1,1,,59.2326791,0.597388,3,144768172736,59.232649,-36.4117357,1650516486873157143,956.5555513,0.10835999998732859,0.03816000001108932
323,-1,-1,-36.3208115,0.0,0.0,0.0,0.0,0.0,0.0,0.0,0.0,0.0,0.0,0.0,0.0,7876307005,MS_9813_2579,MS_9813_2579_3,1,1,,59.2923165,0.812117,3,144768195578,59.292319,-36.3208479,1650578059524312065,808.0744456,-0.009000000002856723,0.1310399999965739
324,-1,-1,-36.2634062,0.0,0.0,0.0,0.0,0.0,0.0,0.0,0.0,0.0,0.0,0.0,0.0,7876488608,MS_9813_2722,MS_9813_2722_3,1,1,,59.2721952,0.838629,3,144768403678,59.272204,-36.2635035,1650578059524312324,530.5249287,-0.03168000001210203,0.35028000000068005
325,-1,-1,-36.4017206,0.0,0.0,0.0,0.0,0.0,0.0,0.0,0.0,0.0,0.0,0.0,0.0,7875988262,MS_9813_2010,MS_9813_2010_3,1,1,,59.2600075,0.728123,3,144768086009,59.260017,-36.4016805,1650516486873154043,693.9251465,-0.034199999990391916,-0.14435999999875548
326,-1,-1,-36.3721833,0.0,0.0,0.0,0.0,0.0,0.0,0.0,0.0,0.0,0.0,0.0,0.0,7875243952,MS_9813_462,MS_9813_462_3,1,1,,59.332875,0.415865,3,144768097186,59.3327462,-36.3719642,1650516486873156742,,0.4636799999957475,-0.7887600000088923
327,-1,-1,-36.3721833,0.0,0.0,0.0,0.0,0.0,0.0,0.0,0.0,0.0,0.0,0.0,0.0,7875243952,MS_9813_462,MS_9813_462_3,1,1,,59.332875,0.415865,3,144768097186,59.3328624,-36.3721698,1650516486873153875,3353.1125367,0.04535999999291107,-0.04860000000519449
328,-1,-1,-36.3400847,0.0,0.0,0.0,0.0,0.0,0.0,0.0,0.0,0.0,0.0,0.0,0.0,7875112386,MS_9813_266,MS_9813_266_3,1,1,,59.3119852,0.32808,3,144768192894,59.3119883,-36.3400806,1650516486873153778,2492.2583092,-0.011160000002519155,-0.014759999993430029
329,-1,-1,-36.4289665,0.0,0.0,0.0,0.0,0.0,0.0,0.0,0.0,0.0,0.0,0.0,0.0,7875189775,MS_9813_323,MS_9813_323_3,1,1,,59.1914995,0.371336,3,144768126896,59.1915125,-36.42897,1650516486873153939,3563.7180253,-0.04680000000973905,0.012599999993767597
330,-1,-1,-36.3725618,0.0,0.0,0.0,0.0,0.0,0.0,0.0,0.0,0.0,0.0,0.0,0.0,7875243942,MS_9813_409,MS_9813_409_3,1,1,,59.3191047,0.415865,3,144768100176,59.3192891,-36.3722658,1650516486873155438,-936.4655727,-0.6638400000070988,-1.0655999999954702
331,-1,-1,-36.3725618,0.0,0.0,0.0,0.0,0.0,0.0,0.0,0.0,0.0,0.0,0.0,0.0,7875243942,MS_9813_409,MS_9813_409_3,1,1,,59.3191047,0.415865,3,144768100176,59.3191167,-36.372559,1650516486873156196,2429.0156326,-0.04320000001882818,-0.01007999998989817
332,-1,-1,-36.3519717,0.0,0.0,0.0,0.0,0.0,0.0,0.0,0.0,0.0,0.0,0.0,0.0,7876329647,MS_9813_2761,MS_9813_2761_3,1,1,,59.1818391,0.82318,3,144768207650,59.1818328,-36.351975,1650516486873157696,660.3063101,0.022679999983665766,0.011880000010933145
333,-1,-1,-36.479688,0.0,0.0,0.0,0.0,0.0,0.0,0.0,0.0,0.0,0.0,0.0,0.0,7876309143,MS_9813_2797,MS_9813_2797_3,1,1,,59.2705429,0.821035,3,144768029707,59.2706491,-36.4795952,1650516486873154754,658.3753892,-0.38231999999140953,-0.3340800000160016
334,-1,-1,-36.506803,0.0,0.0,0.0,0.0,0.0,0.0,0.0,0.0,0.0,0.0,0.0,0.0,7876523871,MS_9813_2798,MS_9813_2798_3,1,1,,59.1919483,0.832828,3,144768021057,59.1919229,-36.506804,1650516486873157315,683.8239456,0.09143999999423613,0.0036000000164904122
335,-1,-1,-36.4458672,0.0,0.0,0.0,0.0,0.0,0.0,0.0,0.0,0.0,0.0,0.0,0.0,7877164568,MS_9813_4026,MS_9813_4026_3,1,1,,59.284046,0.961764,3,144768075437,59.2837765,-36.4460196,1650516486873154735,581.3663817,0.9701999999805366,0.5486399999909963
336,-1,-1,-36.3068555,0.0,0.0,0.0,0.0,0.0,0.0,0.0,0.0,0.0,0.0,0.0,0.0,7876941635,MS_9813_3563,MS_9813_3563_3,1,1,,59.3028321,0.916809,3,144768202079,59.3028741,-36.3068417,1650578059524310558,,-0.15119999997637024,-0.049679999992235935
337,-1,-1,-36.503908,0.0,0.0,0.0,0.0,0.0,0.0,0.0,0.0,0.0,0.0,0.0,0.0,7877165130,MS_9813_3981,MS_9813_3981_3,1,1,,59.2497572,0.966075,3,144768025601,59.2498127,-36.5038837,1650516486873157464,,-0.19980000000714426,-0.08747999999911826
